uniwalletTransactionId: 1600155099249, networkTransactionId: 148905078,  refNo: MCC-PAY-710359693, merchantId: 1625, productId: 150, msisdn: 233558719210, amount: 1.20, balance: , responseCode: 01, responseMessage: Successfully processed transaction.|Debit MTN customer 
uniwalletTransactionId: 1600155099249, networkTransactionId: 148905078,  refNo: MCC-PAY-710359693, merchantId: 1625, productId: 150, msisdn: 233558719210, amount: 1.20, balance: , responseCode: 01, responseMessage: Successfully processed transaction.|Debit MTN customer 
uniwalletTransactionId: 1600155099249, networkTransactionId: 148905078,  refNo: MCC-PAY-710359693, merchantId: 1625, productId: 150, msisdn: 233558719210, amount: 1.20, balance: , responseCode: 01, responseMessage: Successfully processed transaction.|Debit MTN customer 
uniwalletTransactionId: 1600155099249, networkTransactionId: 148905078,  refNo: MCC-PAY-710359693, merchantId: 1625, productId: 150, msisdn: 233558719210, amount: 1.20, balance: , responseCode: 01, responseMessage: Successfully processed transaction.|Debit MTN customer 
uniwalletTransactionId: 1600167389964, networkTransactionId: 148905099,  refNo: MCC-PAY-903026410, merchantId: 1625, productId: 150, msisdn: 233558719210, amount: 1.20, balance: , responseCode: 01, responseMessage: Successfully processed transaction.|Debit MTN customer 
uniwalletTransactionId: 1600167389964, networkTransactionId: 148905099,  refNo: MCC-PAY-903026410, merchantId: 1625, productId: 150, msisdn: 233558719210, amount: 1.20, balance: , responseCode: 01, responseMessage: Successfully processed transaction.|Debit MTN customer 
uniwalletTransactionId: 1600167389964, networkTransactionId: 148905099,  refNo: MCC-PAY-903026410, merchantId: 1625, productId: 150, msisdn: 233558719210, amount: 1.20, balance: , responseCode: 01, responseMessage: Successfully processed transaction.|Debit MTN customer 
uniwalletTransactionId: 1600167389964, networkTransactionId: 148905099,  refNo: MCC-PAY-903026410, merchantId: 1625, productId: 150, msisdn: 233558719210, amount: 1.20, balance: , responseCode: 01, responseMessage: Successfully processed transaction.|Debit MTN customer 
uniwalletTransactionId: 1600168125037, networkTransactionId: 148905103,  refNo: MCC-PAY-332750787, merchantId: 1625, productId: 150, msisdn: 233240911224, amount: 1.20, balance: , responseCode: 01, responseMessage: Successfully processed transaction.|Debit MTN customer 
uniwalletTransactionId: 1600168125037, networkTransactionId: 148905103,  refNo: MCC-PAY-332750787, merchantId: 1625, productId: 150, msisdn: 233240911224, amount: 1.20, balance: , responseCode: 01, responseMessage: Successfully processed transaction.|Debit MTN customer 
uniwalletTransactionId: 1600168125037, networkTransactionId: 148905103,  refNo: MCC-PAY-332750787, merchantId: 1625, productId: 150, msisdn: 233240911224, amount: 1.20, balance: , responseCode: 01, responseMessage: Successfully processed transaction.|Debit MTN customer 
uniwalletTransactionId: 1600168125037, networkTransactionId: 148905103,  refNo: MCC-PAY-332750787, merchantId: 1625, productId: 150, msisdn: 233240911224, amount: 1.20, balance: , responseCode: 01, responseMessage: Successfully processed transaction.|Debit MTN customer 
uniwalletTransactionId: 1600168150804, networkTransactionId: 148905104,  refNo: MCC-PAY-17634578, merchantId: 1625, productId: 150, msisdn: 233243629575, amount: 1.20, balance: , responseCode: 01, responseMessage: Successfully processed transaction.|Debit MTN customer 
uniwalletTransactionId: 1600168150804, networkTransactionId: 148905104,  refNo: MCC-PAY-17634578, merchantId: 1625, productId: 150, msisdn: 233243629575, amount: 1.20, balance: , responseCode: 01, responseMessage: Successfully processed transaction.|Debit MTN customer 
uniwalletTransactionId: 1600168150804, networkTransactionId: 148905104,  refNo: MCC-PAY-17634578, merchantId: 1625, productId: 150, msisdn: 233243629575, amount: 1.20, balance: , responseCode: 01, responseMessage: Successfully processed transaction.|Debit MTN customer 
uniwalletTransactionId: 1600168150804, networkTransactionId: 148905104,  refNo: MCC-PAY-17634578, merchantId: 1625, productId: 150, msisdn: 233243629575, amount: 1.20, balance: , responseCode: 01, responseMessage: Successfully processed transaction.|Debit MTN customer 
uniwalletTransactionId: 1600168164432, networkTransactionId: 148905106,  refNo: MCC-PAY-636676826, merchantId: 1625, productId: 150, msisdn: 233545824095, amount: 30, balance: , responseCode: 01, responseMessage: Successfully processed transaction.|Debit MTN customer 
uniwalletTransactionId: 1600168164432, networkTransactionId: 148905106,  refNo: MCC-PAY-636676826, merchantId: 1625, productId: 150, msisdn: 233545824095, amount: 30, balance: , responseCode: 01, responseMessage: Successfully processed transaction.|Debit MTN customer 
uniwalletTransactionId: 1600168164432, networkTransactionId: 148905106,  refNo: MCC-PAY-636676826, merchantId: 1625, productId: 150, msisdn: 233545824095, amount: 30, balance: , responseCode: 01, responseMessage: Successfully processed transaction.|Debit MTN customer 
uniwalletTransactionId: 1600168249389, networkTransactionId: 148905107,  refNo: MCC-PAY-600351027, merchantId: 1625, productId: 150, msisdn: 233244303430, amount: 30, balance: , responseCode: 01, responseMessage: Successfully processed transaction.|Debit MTN customer 
uniwalletTransactionId: 1600168249389, networkTransactionId: 148905107,  refNo: MCC-PAY-600351027, merchantId: 1625, productId: 150, msisdn: 233244303430, amount: 30, balance: , responseCode: 01, responseMessage: Successfully processed transaction.|Debit MTN customer 
uniwalletTransactionId: 1600168249389, networkTransactionId: 148905107,  refNo: MCC-PAY-600351027, merchantId: 1625, productId: 150, msisdn: 233244303430, amount: 30, balance: , responseCode: 01, responseMessage: Successfully processed transaction.|Debit MTN customer 
uniwalletTransactionId: 1600168164432, networkTransactionId: 148905106,  refNo: MCC-PAY-636676826, merchantId: 1625, productId: 150, msisdn: 233545824095, amount: 30, balance: , responseCode: 01, responseMessage: Successfully processed transaction.|Debit MTN customer 
uniwalletTransactionId: 1600168249389, networkTransactionId: 148905107,  refNo: MCC-PAY-600351027, merchantId: 1625, productId: 150, msisdn: 233244303430, amount: 30, balance: , responseCode: 01, responseMessage: Successfully processed transaction.|Debit MTN customer 
uniwalletTransactionId: 1600167976134, networkTransactionId: ,  refNo: MCC-PAY-441264108, merchantId: 1625, productId: 150, msisdn: 233545824095, amount: 30, balance: , responseCode: 100, responseMessage: Transaction couldn't be completed|Debit MTN customer 
uniwalletTransactionId: 1600167976134, networkTransactionId: ,  refNo: MCC-PAY-441264108, merchantId: 1625, productId: 150, msisdn: 233545824095, amount: 30, balance: , responseCode: 100, responseMessage: Transaction couldn't be completed|Debit MTN customer 
uniwalletTransactionId: 1600167976134, networkTransactionId: ,  refNo: MCC-PAY-441264108, merchantId: 1625, productId: 150, msisdn: 233545824095, amount: 30, balance: , responseCode: 100, responseMessage: Transaction couldn't be completed|Debit MTN customer 
uniwalletTransactionId: 1600167976134, networkTransactionId: ,  refNo: MCC-PAY-441264108, merchantId: 1625, productId: 150, msisdn: 233545824095, amount: 30, balance: , responseCode: 100, responseMessage: Transaction couldn't be completed|Debit MTN customer 
uniwalletTransactionId: 1600168434721, networkTransactionId: 148905110,  refNo: MCC-PAY-536825734, merchantId: 1625, productId: 150, msisdn: 233558719210, amount: 1.20, balance: , responseCode: 01, responseMessage: Successfully processed transaction.|Debit MTN customer 
uniwalletTransactionId: 1600168434721, networkTransactionId: 148905110,  refNo: MCC-PAY-536825734, merchantId: 1625, productId: 150, msisdn: 233558719210, amount: 1.20, balance: , responseCode: 01, responseMessage: Successfully processed transaction.|Debit MTN customer 
uniwalletTransactionId: 1600168434721, networkTransactionId: 148905110,  refNo: MCC-PAY-536825734, merchantId: 1625, productId: 150, msisdn: 233558719210, amount: 1.20, balance: , responseCode: 01, responseMessage: Successfully processed transaction.|Debit MTN customer 
uniwalletTransactionId: 1600168434721, networkTransactionId: 148905110,  refNo: MCC-PAY-536825734, merchantId: 1625, productId: 150, msisdn: 233558719210, amount: 1.20, balance: , responseCode: 01, responseMessage: Successfully processed transaction.|Debit MTN customer 
uniwalletTransactionId: 1600168473566, networkTransactionId: 148905111,  refNo: MCC-PAY-263496355, merchantId: 1625, productId: 150, msisdn: 233244188678, amount: 1.20, balance: , responseCode: 01, responseMessage: Successfully processed transaction.|Debit MTN customer 
uniwalletTransactionId: 1600168473566, networkTransactionId: 148905111,  refNo: MCC-PAY-263496355, merchantId: 1625, productId: 150, msisdn: 233244188678, amount: 1.20, balance: , responseCode: 01, responseMessage: Successfully processed transaction.|Debit MTN customer 
uniwalletTransactionId: 1600168473566, networkTransactionId: 148905111,  refNo: MCC-PAY-263496355, merchantId: 1625, productId: 150, msisdn: 233244188678, amount: 1.20, balance: , responseCode: 01, responseMessage: Successfully processed transaction.|Debit MTN customer 
uniwalletTransactionId: 1600168473566, networkTransactionId: 148905111,  refNo: MCC-PAY-263496355, merchantId: 1625, productId: 150, msisdn: 233244188678, amount: 1.20, balance: , responseCode: 01, responseMessage: Successfully processed transaction.|Debit MTN customer 
uniwalletTransactionId: 1600168509234, networkTransactionId: 148905112,  refNo: MCC-PAY-62628953, merchantId: 1625, productId: 150, msisdn: 233558719210, amount: 1.20, balance: , responseCode: 01, responseMessage: Successfully processed transaction.|Debit MTN customer 
uniwalletTransactionId: 1600168509234, networkTransactionId: 148905112,  refNo: MCC-PAY-62628953, merchantId: 1625, productId: 150, msisdn: 233558719210, amount: 1.20, balance: , responseCode: 01, responseMessage: Successfully processed transaction.|Debit MTN customer 
uniwalletTransactionId: 1600168509234, networkTransactionId: 148905112,  refNo: MCC-PAY-62628953, merchantId: 1625, productId: 150, msisdn: 233558719210, amount: 1.20, balance: , responseCode: 01, responseMessage: Successfully processed transaction.|Debit MTN customer 
uniwalletTransactionId: 1600168509234, networkTransactionId: 148905112,  refNo: MCC-PAY-62628953, merchantId: 1625, productId: 150, msisdn: 233558719210, amount: 1.20, balance: , responseCode: 01, responseMessage: Successfully processed transaction.|Debit MTN customer 
uniwalletTransactionId: 1600168656939, networkTransactionId: 148905117,  refNo: MCC-PAY-71540383, merchantId: 1625, productId: 150, msisdn: 233244188678, amount: 1.20, balance: , responseCode: 01, responseMessage: Successfully processed transaction.|Debit MTN customer 
uniwalletTransactionId: 1600168656939, networkTransactionId: 148905117,  refNo: MCC-PAY-71540383, merchantId: 1625, productId: 150, msisdn: 233244188678, amount: 1.20, balance: , responseCode: 01, responseMessage: Successfully processed transaction.|Debit MTN customer 
uniwalletTransactionId: 1600168656939, networkTransactionId: 148905117,  refNo: MCC-PAY-71540383, merchantId: 1625, productId: 150, msisdn: 233244188678, amount: 1.20, balance: , responseCode: 01, responseMessage: Successfully processed transaction.|Debit MTN customer 
uniwalletTransactionId: 1600168679802, networkTransactionId: 148905118,  refNo: MCC-PAY-923968178, merchantId: 1625, productId: 150, msisdn: 233556191150, amount: 1.20, balance: , responseCode: 01, responseMessage: Successfully processed transaction.|Debit MTN customer 
uniwalletTransactionId: 1600168679802, networkTransactionId: 148905118,  refNo: MCC-PAY-923968178, merchantId: 1625, productId: 150, msisdn: 233556191150, amount: 1.20, balance: , responseCode: 01, responseMessage: Successfully processed transaction.|Debit MTN customer 
uniwalletTransactionId: 1600168656939, networkTransactionId: 148905117,  refNo: MCC-PAY-71540383, merchantId: 1625, productId: 150, msisdn: 233244188678, amount: 1.20, balance: , responseCode: 01, responseMessage: Successfully processed transaction.|Debit MTN customer 
uniwalletTransactionId: 1600168679802, networkTransactionId: 148905118,  refNo: MCC-PAY-923968178, merchantId: 1625, productId: 150, msisdn: 233556191150, amount: 1.20, balance: , responseCode: 01, responseMessage: Successfully processed transaction.|Debit MTN customer 
uniwalletTransactionId: 1600168679802, networkTransactionId: 148905118,  refNo: MCC-PAY-923968178, merchantId: 1625, productId: 150, msisdn: 233556191150, amount: 1.20, balance: , responseCode: 01, responseMessage: Successfully processed transaction.|Debit MTN customer 
uniwalletTransactionId: 1600168297058, networkTransactionId: ,  refNo: MCC-PAY-288030630, merchantId: 1625, productId: 150, msisdn: 233558719210, amount: 1.20, balance: , responseCode: 100, responseMessage: Transaction couldn't be completed|Debit MTN customer 
uniwalletTransactionId: 1600168297058, networkTransactionId: ,  refNo: MCC-PAY-288030630, merchantId: 1625, productId: 150, msisdn: 233558719210, amount: 1.20, balance: , responseCode: 100, responseMessage: Transaction couldn't be completed|Debit MTN customer 
uniwalletTransactionId: 1600168297058, networkTransactionId: ,  refNo: MCC-PAY-288030630, merchantId: 1625, productId: 150, msisdn: 233558719210, amount: 1.20, balance: , responseCode: 100, responseMessage: Transaction couldn't be completed|Debit MTN customer 
uniwalletTransactionId: 1600168297058, networkTransactionId: ,  refNo: MCC-PAY-288030630, merchantId: 1625, productId: 150, msisdn: 233558719210, amount: 1.20, balance: , responseCode: 100, responseMessage: Transaction couldn't be completed|Debit MTN customer 
uniwalletTransactionId: 1600168400597, networkTransactionId: ,  refNo: MCC-PAY-615354599, merchantId: 1625, productId: 150, msisdn: 233244303430, amount: 1.20, balance: , responseCode: 100, responseMessage: Transaction couldn't be completed|Debit MTN customer 
uniwalletTransactionId: 1600168400597, networkTransactionId: ,  refNo: MCC-PAY-615354599, merchantId: 1625, productId: 150, msisdn: 233244303430, amount: 1.20, balance: , responseCode: 100, responseMessage: Transaction couldn't be completed|Debit MTN customer 
uniwalletTransactionId: 1600168400597, networkTransactionId: ,  refNo: MCC-PAY-615354599, merchantId: 1625, productId: 150, msisdn: 233244303430, amount: 1.20, balance: , responseCode: 100, responseMessage: Transaction couldn't be completed|Debit MTN customer 
uniwalletTransactionId: 1600168710121, networkTransactionId: 148905119,  refNo: MCC-PAY-42056790, merchantId: 1625, productId: 150, msisdn: 233545824095, amount: 1.20, balance: , responseCode: 100, responseMessage: General failure.|Debit MTN customer 
uniwalletTransactionId: 1600168710121, networkTransactionId: 148905119,  refNo: MCC-PAY-42056790, merchantId: 1625, productId: 150, msisdn: 233545824095, amount: 1.20, balance: , responseCode: 100, responseMessage: General failure.|Debit MTN customer 
uniwalletTransactionId: 1600168710121, networkTransactionId: 148905119,  refNo: MCC-PAY-42056790, merchantId: 1625, productId: 150, msisdn: 233545824095, amount: 1.20, balance: , responseCode: 100, responseMessage: General failure.|Debit MTN customer 
uniwalletTransactionId: 1600168400597, networkTransactionId: ,  refNo: MCC-PAY-615354599, merchantId: 1625, productId: 150, msisdn: 233244303430, amount: 1.20, balance: , responseCode: 100, responseMessage: Transaction couldn't be completed|Debit MTN customer 
uniwalletTransactionId: 1600168710121, networkTransactionId: 148905119,  refNo: MCC-PAY-42056790, merchantId: 1625, productId: 150, msisdn: 233545824095, amount: 1.20, balance: , responseCode: 100, responseMessage: General failure.|Debit MTN customer 
uniwalletTransactionId: 1600168920578, networkTransactionId: 148905128,  refNo: MCC-PAY-554502670, merchantId: 1625, productId: 150, msisdn: 233244188678, amount: 1.20, balance: , responseCode: 01, responseMessage: Successfully processed transaction.|Debit MTN customer 
uniwalletTransactionId: 1600168920578, networkTransactionId: 148905128,  refNo: MCC-PAY-554502670, merchantId: 1625, productId: 150, msisdn: 233244188678, amount: 1.20, balance: , responseCode: 01, responseMessage: Successfully processed transaction.|Debit MTN customer 
uniwalletTransactionId: 1600168920578, networkTransactionId: 148905128,  refNo: MCC-PAY-554502670, merchantId: 1625, productId: 150, msisdn: 233244188678, amount: 1.20, balance: , responseCode: 01, responseMessage: Successfully processed transaction.|Debit MTN customer 
uniwalletTransactionId: 1600168920578, networkTransactionId: 148905128,  refNo: MCC-PAY-554502670, merchantId: 1625, productId: 150, msisdn: 233244188678, amount: 1.20, balance: , responseCode: 01, responseMessage: Successfully processed transaction.|Debit MTN customer 
uniwalletTransactionId: 1600168565393, networkTransactionId: ,  refNo: MCC-PAY-406549419, merchantId: 1625, productId: 150, msisdn: 233556191150, amount: 1.20, balance: , responseCode: 100, responseMessage: Transaction couldn't be completed|Debit MTN customer 
uniwalletTransactionId: 1600168565393, networkTransactionId: ,  refNo: MCC-PAY-406549419, merchantId: 1625, productId: 150, msisdn: 233556191150, amount: 1.20, balance: , responseCode: 100, responseMessage: Transaction couldn't be completed|Debit MTN customer 
uniwalletTransactionId: 1600168565393, networkTransactionId: ,  refNo: MCC-PAY-406549419, merchantId: 1625, productId: 150, msisdn: 233556191150, amount: 1.20, balance: , responseCode: 100, responseMessage: Transaction couldn't be completed|Debit MTN customer 
uniwalletTransactionId: 1600168565393, networkTransactionId: ,  refNo: MCC-PAY-406549419, merchantId: 1625, productId: 150, msisdn: 233556191150, amount: 1.20, balance: , responseCode: 100, responseMessage: Transaction couldn't be completed|Debit MTN customer 
uniwalletTransactionId: 1600168926491, networkTransactionId: 148905129,  refNo: MCC-PAY-669236734, merchantId: 1625, productId: 150, msisdn: 233545824095, amount: 1.20, balance: , responseCode: 01, responseMessage: Successfully processed transaction.|Debit MTN customer 
uniwalletTransactionId: 1600168926491, networkTransactionId: 148905129,  refNo: MCC-PAY-669236734, merchantId: 1625, productId: 150, msisdn: 233545824095, amount: 1.20, balance: , responseCode: 01, responseMessage: Successfully processed transaction.|Debit MTN customer 
uniwalletTransactionId: 1600168603694, networkTransactionId: ,  refNo: MCC-PAY-91755665, merchantId: 1625, productId: 150, msisdn: 233240911224, amount: 30, balance: , responseCode: 100, responseMessage: Transaction couldn't be completed|Debit MTN customer 
uniwalletTransactionId: 1600168603694, networkTransactionId: ,  refNo: MCC-PAY-91755665, merchantId: 1625, productId: 150, msisdn: 233240911224, amount: 30, balance: , responseCode: 100, responseMessage: Transaction couldn't be completed|Debit MTN customer 
uniwalletTransactionId: 1600168926491, networkTransactionId: 148905129,  refNo: MCC-PAY-669236734, merchantId: 1625, productId: 150, msisdn: 233545824095, amount: 1.20, balance: , responseCode: 01, responseMessage: Successfully processed transaction.|Debit MTN customer 
uniwalletTransactionId: 1600168603694, networkTransactionId: ,  refNo: MCC-PAY-91755665, merchantId: 1625, productId: 150, msisdn: 233240911224, amount: 30, balance: , responseCode: 100, responseMessage: Transaction couldn't be completed|Debit MTN customer 
uniwalletTransactionId: 1600168926491, networkTransactionId: 148905129,  refNo: MCC-PAY-669236734, merchantId: 1625, productId: 150, msisdn: 233545824095, amount: 1.20, balance: , responseCode: 01, responseMessage: Successfully processed transaction.|Debit MTN customer 
uniwalletTransactionId: 1600168603694, networkTransactionId: ,  refNo: MCC-PAY-91755665, merchantId: 1625, productId: 150, msisdn: 233240911224, amount: 30, balance: , responseCode: 100, responseMessage: Transaction couldn't be completed|Debit MTN customer 
uniwalletTransactionId: 1600168625224, networkTransactionId: ,  refNo: MCC-PAY-955593334, merchantId: 1625, productId: 150, msisdn: 233244303430, amount: 1.20, balance: , responseCode: 100, responseMessage: Transaction couldn't be completed|Debit MTN customer 
uniwalletTransactionId: 1600168625224, networkTransactionId: ,  refNo: MCC-PAY-955593334, merchantId: 1625, productId: 150, msisdn: 233244303430, amount: 1.20, balance: , responseCode: 100, responseMessage: Transaction couldn't be completed|Debit MTN customer 
uniwalletTransactionId: 1600168625224, networkTransactionId: ,  refNo: MCC-PAY-955593334, merchantId: 1625, productId: 150, msisdn: 233244303430, amount: 1.20, balance: , responseCode: 100, responseMessage: Transaction couldn't be completed|Debit MTN customer 
uniwalletTransactionId: 1600168633963, networkTransactionId: ,  refNo: MCC-PAY-978309226, merchantId: 1625, productId: 150, msisdn: 233558719210, amount: 1.20, balance: , responseCode: 100, responseMessage: Transaction couldn't be completed|Debit MTN customer 
uniwalletTransactionId: 1600168633963, networkTransactionId: ,  refNo: MCC-PAY-978309226, merchantId: 1625, productId: 150, msisdn: 233558719210, amount: 1.20, balance: , responseCode: 100, responseMessage: Transaction couldn't be completed|Debit MTN customer 
uniwalletTransactionId: 1600168633963, networkTransactionId: ,  refNo: MCC-PAY-978309226, merchantId: 1625, productId: 150, msisdn: 233558719210, amount: 1.20, balance: , responseCode: 100, responseMessage: Transaction couldn't be completed|Debit MTN customer 
uniwalletTransactionId: 1600168625224, networkTransactionId: ,  refNo: MCC-PAY-955593334, merchantId: 1625, productId: 150, msisdn: 233244303430, amount: 1.20, balance: , responseCode: 100, responseMessage: Transaction couldn't be completed|Debit MTN customer 
uniwalletTransactionId: 1600169060531, networkTransactionId: 148905132,  refNo: MCC-PAY-719708751, merchantId: 1625, productId: 150, msisdn: 233240911224, amount: 1.20, balance: , responseCode: 01, responseMessage: Successfully processed transaction.|Debit MTN customer 
uniwalletTransactionId: 1600169060531, networkTransactionId: 148905132,  refNo: MCC-PAY-719708751, merchantId: 1625, productId: 150, msisdn: 233240911224, amount: 1.20, balance: , responseCode: 01, responseMessage: Successfully processed transaction.|Debit MTN customer 
uniwalletTransactionId: 1600168633963, networkTransactionId: ,  refNo: MCC-PAY-978309226, merchantId: 1625, productId: 150, msisdn: 233558719210, amount: 1.20, balance: , responseCode: 100, responseMessage: Transaction couldn't be completed|Debit MTN customer 
uniwalletTransactionId: 1600169060531, networkTransactionId: 148905132,  refNo: MCC-PAY-719708751, merchantId: 1625, productId: 150, msisdn: 233240911224, amount: 1.20, balance: , responseCode: 01, responseMessage: Successfully processed transaction.|Debit MTN customer 
uniwalletTransactionId: 1600169060531, networkTransactionId: 148905132,  refNo: MCC-PAY-719708751, merchantId: 1625, productId: 150, msisdn: 233240911224, amount: 1.20, balance: , responseCode: 01, responseMessage: Successfully processed transaction.|Debit MTN customer 
uniwalletTransactionId: 1600168721485, networkTransactionId: ,  refNo: MCC-PAY-151448753, merchantId: 1625, productId: 150, msisdn: 233240911224, amount: 1.20, balance: , responseCode: 100, responseMessage: Transaction couldn't be completed|Debit MTN customer 
uniwalletTransactionId: 1600168721485, networkTransactionId: ,  refNo: MCC-PAY-151448753, merchantId: 1625, productId: 150, msisdn: 233240911224, amount: 1.20, balance: , responseCode: 100, responseMessage: Transaction couldn't be completed|Debit MTN customer 
uniwalletTransactionId: 1600168721485, networkTransactionId: ,  refNo: MCC-PAY-151448753, merchantId: 1625, productId: 150, msisdn: 233240911224, amount: 1.20, balance: , responseCode: 100, responseMessage: Transaction couldn't be completed|Debit MTN customer 
uniwalletTransactionId: 1600168728362, networkTransactionId: ,  refNo: MCC-PAY-878285822, merchantId: 1625, productId: 150, msisdn: 233244303430, amount: 1.20, balance: , responseCode: 100, responseMessage: Transaction couldn't be completed|Debit MTN customer 
uniwalletTransactionId: 1600168728362, networkTransactionId: ,  refNo: MCC-PAY-878285822, merchantId: 1625, productId: 150, msisdn: 233244303430, amount: 1.20, balance: , responseCode: 100, responseMessage: Transaction couldn't be completed|Debit MTN customer 
uniwalletTransactionId: 1600168728362, networkTransactionId: ,  refNo: MCC-PAY-878285822, merchantId: 1625, productId: 150, msisdn: 233244303430, amount: 1.20, balance: , responseCode: 100, responseMessage: Transaction couldn't be completed|Debit MTN customer 
uniwalletTransactionId: 1600169148422, networkTransactionId: 148905134,  refNo: MCC-PAY-310976274, merchantId: 1625, productId: 150, msisdn: 233558719210, amount: 1.20, balance: , responseCode: 01, responseMessage: Successfully processed transaction.|Debit MTN customer 
uniwalletTransactionId: 1600169148422, networkTransactionId: 148905134,  refNo: MCC-PAY-310976274, merchantId: 1625, productId: 150, msisdn: 233558719210, amount: 1.20, balance: , responseCode: 01, responseMessage: Successfully processed transaction.|Debit MTN customer 
uniwalletTransactionId: 1600168742671, networkTransactionId: ,  refNo: MCC-PAY-399808465, merchantId: 1625, productId: 150, msisdn: 233243629575, amount: 1.20, balance: , responseCode: 100, responseMessage: Transaction couldn't be completed|Debit MTN customer 
uniwalletTransactionId: 1600168721485, networkTransactionId: ,  refNo: MCC-PAY-151448753, merchantId: 1625, productId: 150, msisdn: 233240911224, amount: 1.20, balance: , responseCode: 100, responseMessage: Transaction couldn't be completed|Debit MTN customer 
uniwalletTransactionId: 1600168742671, networkTransactionId: ,  refNo: MCC-PAY-399808465, merchantId: 1625, productId: 150, msisdn: 233243629575, amount: 1.20, balance: , responseCode: 100, responseMessage: Transaction couldn't be completed|Debit MTN customer 
uniwalletTransactionId: 1600169148422, networkTransactionId: 148905134,  refNo: MCC-PAY-310976274, merchantId: 1625, productId: 150, msisdn: 233558719210, amount: 1.20, balance: , responseCode: 01, responseMessage: Successfully processed transaction.|Debit MTN customer 
uniwalletTransactionId: 1600168748202, networkTransactionId: ,  refNo: MCC-PAY-274643223, merchantId: 1625, productId: 150, msisdn: 233243629575, amount: 1.20, balance: , responseCode: 100, responseMessage: Transaction couldn't be completed|Debit MTN customer 
uniwalletTransactionId: 1600168742671, networkTransactionId: ,  refNo: MCC-PAY-399808465, merchantId: 1625, productId: 150, msisdn: 233243629575, amount: 1.20, balance: , responseCode: 100, responseMessage: Transaction couldn't be completed|Debit MTN customer 
uniwalletTransactionId: 1600168728362, networkTransactionId: ,  refNo: MCC-PAY-878285822, merchantId: 1625, productId: 150, msisdn: 233244303430, amount: 1.20, balance: , responseCode: 100, responseMessage: Transaction couldn't be completed|Debit MTN customer 
uniwalletTransactionId: 1600168748202, networkTransactionId: ,  refNo: MCC-PAY-274643223, merchantId: 1625, productId: 150, msisdn: 233243629575, amount: 1.20, balance: , responseCode: 100, responseMessage: Transaction couldn't be completed|Debit MTN customer 
uniwalletTransactionId: 1600168748202, networkTransactionId: ,  refNo: MCC-PAY-274643223, merchantId: 1625, productId: 150, msisdn: 233243629575, amount: 1.20, balance: , responseCode: 100, responseMessage: Transaction couldn't be completed|Debit MTN customer 
uniwalletTransactionId: 1600169148422, networkTransactionId: 148905134,  refNo: MCC-PAY-310976274, merchantId: 1625, productId: 150, msisdn: 233558719210, amount: 1.20, balance: , responseCode: 01, responseMessage: Successfully processed transaction.|Debit MTN customer 
uniwalletTransactionId: 1600169172586, networkTransactionId: 148905136,  refNo: MCC-PAY-515402735, merchantId: 1625, productId: 150, msisdn: 233243629575, amount: 1.20, balance: , responseCode: 01, responseMessage: Successfully processed transaction.|Debit MTN customer 
uniwalletTransactionId: 1600168742671, networkTransactionId: ,  refNo: MCC-PAY-399808465, merchantId: 1625, productId: 150, msisdn: 233243629575, amount: 1.20, balance: , responseCode: 100, responseMessage: Transaction couldn't be completed|Debit MTN customer 
uniwalletTransactionId: 1600169172586, networkTransactionId: 148905136,  refNo: MCC-PAY-515402735, merchantId: 1625, productId: 150, msisdn: 233243629575, amount: 1.20, balance: , responseCode: 01, responseMessage: Successfully processed transaction.|Debit MTN customer 
uniwalletTransactionId: 1600168769353, networkTransactionId: ,  refNo: MCC-PAY-477997491, merchantId: 1625, productId: 150, msisdn: 233240911224, amount: 1.20, balance: , responseCode: 100, responseMessage: Transaction couldn't be completed|Debit MTN customer 
uniwalletTransactionId: 1600168769353, networkTransactionId: ,  refNo: MCC-PAY-477997491, merchantId: 1625, productId: 150, msisdn: 233240911224, amount: 1.20, balance: , responseCode: 100, responseMessage: Transaction couldn't be completed|Debit MTN customer 
uniwalletTransactionId: 1600169172586, networkTransactionId: 148905136,  refNo: MCC-PAY-515402735, merchantId: 1625, productId: 150, msisdn: 233243629575, amount: 1.20, balance: , responseCode: 01, responseMessage: Successfully processed transaction.|Debit MTN customer 
uniwalletTransactionId: 1600168748202, networkTransactionId: ,  refNo: MCC-PAY-274643223, merchantId: 1625, productId: 150, msisdn: 233243629575, amount: 1.20, balance: , responseCode: 100, responseMessage: Transaction couldn't be completed|Debit MTN customer 
uniwalletTransactionId: 1600168769353, networkTransactionId: ,  refNo: MCC-PAY-477997491, merchantId: 1625, productId: 150, msisdn: 233240911224, amount: 1.20, balance: , responseCode: 100, responseMessage: Transaction couldn't be completed|Debit MTN customer 
uniwalletTransactionId: 1600169172586, networkTransactionId: 148905136,  refNo: MCC-PAY-515402735, merchantId: 1625, productId: 150, msisdn: 233243629575, amount: 1.20, balance: , responseCode: 01, responseMessage: Successfully processed transaction.|Debit MTN customer 
uniwalletTransactionId: 1600168769353, networkTransactionId: ,  refNo: MCC-PAY-477997491, merchantId: 1625, productId: 150, msisdn: 233240911224, amount: 1.20, balance: , responseCode: 100, responseMessage: Transaction couldn't be completed|Debit MTN customer 
uniwalletTransactionId: 1600169213302, networkTransactionId: 148905137,  refNo: MCC-PAY-19975422, merchantId: 1625, productId: 150, msisdn: 233240911224, amount: 1.20, balance: , responseCode: 01, responseMessage: Successfully processed transaction.|Debit MTN customer 
uniwalletTransactionId: 1600169213302, networkTransactionId: 148905137,  refNo: MCC-PAY-19975422, merchantId: 1625, productId: 150, msisdn: 233240911224, amount: 1.20, balance: , responseCode: 01, responseMessage: Successfully processed transaction.|Debit MTN customer 
uniwalletTransactionId: 1600169213302, networkTransactionId: 148905137,  refNo: MCC-PAY-19975422, merchantId: 1625, productId: 150, msisdn: 233240911224, amount: 1.20, balance: , responseCode: 01, responseMessage: Successfully processed transaction.|Debit MTN customer 
uniwalletTransactionId: 1600168814904, networkTransactionId: ,  refNo: MCC-PAY-193955462, merchantId: 1625, productId: 150, msisdn: 233240911224, amount: 1.20, balance: , responseCode: 100, responseMessage: Transaction couldn't be completed|Debit MTN customer 
uniwalletTransactionId: 1600168814904, networkTransactionId: ,  refNo: MCC-PAY-193955462, merchantId: 1625, productId: 150, msisdn: 233240911224, amount: 1.20, balance: , responseCode: 100, responseMessage: Transaction couldn't be completed|Debit MTN customer 
uniwalletTransactionId: 1600168814904, networkTransactionId: ,  refNo: MCC-PAY-193955462, merchantId: 1625, productId: 150, msisdn: 233240911224, amount: 1.20, balance: , responseCode: 100, responseMessage: Transaction couldn't be completed|Debit MTN customer 
uniwalletTransactionId: 1600169213302, networkTransactionId: 148905137,  refNo: MCC-PAY-19975422, merchantId: 1625, productId: 150, msisdn: 233240911224, amount: 1.20, balance: , responseCode: 01, responseMessage: Successfully processed transaction.|Debit MTN customer 
uniwalletTransactionId: 1600168814904, networkTransactionId: ,  refNo: MCC-PAY-193955462, merchantId: 1625, productId: 150, msisdn: 233240911224, amount: 1.20, balance: , responseCode: 100, responseMessage: Transaction couldn't be completed|Debit MTN customer 
uniwalletTransactionId: 1600169245491, networkTransactionId: 148905140,  refNo: MCC-PAY-135979917, merchantId: 1625, productId: 150, msisdn: 233243629575, amount: 1.20, balance: , responseCode: 01, responseMessage: Successfully processed transaction.|Debit MTN customer 
uniwalletTransactionId: 1600169245491, networkTransactionId: 148905140,  refNo: MCC-PAY-135979917, merchantId: 1625, productId: 150, msisdn: 233243629575, amount: 1.20, balance: , responseCode: 01, responseMessage: Successfully processed transaction.|Debit MTN customer 
uniwalletTransactionId: 1600169245491, networkTransactionId: 148905140,  refNo: MCC-PAY-135979917, merchantId: 1625, productId: 150, msisdn: 233243629575, amount: 1.20, balance: , responseCode: 01, responseMessage: Successfully processed transaction.|Debit MTN customer 
uniwalletTransactionId: 1600169245491, networkTransactionId: 148905140,  refNo: MCC-PAY-135979917, merchantId: 1625, productId: 150, msisdn: 233243629575, amount: 1.20, balance: , responseCode: 01, responseMessage: Successfully processed transaction.|Debit MTN customer 
uniwalletTransactionId: 1600168861237, networkTransactionId: ,  refNo: MCC-PAY-113467692, merchantId: 1625, productId: 150, msisdn: 233240911224, amount: 1.20, balance: , responseCode: 100, responseMessage: Transaction couldn't be completed|Debit MTN customer 
uniwalletTransactionId: 1600168861237, networkTransactionId: ,  refNo: MCC-PAY-113467692, merchantId: 1625, productId: 150, msisdn: 233240911224, amount: 1.20, balance: , responseCode: 100, responseMessage: Transaction couldn't be completed|Debit MTN customer 
uniwalletTransactionId: 1600168861237, networkTransactionId: ,  refNo: MCC-PAY-113467692, merchantId: 1625, productId: 150, msisdn: 233240911224, amount: 1.20, balance: , responseCode: 100, responseMessage: Transaction couldn't be completed|Debit MTN customer 
uniwalletTransactionId: 1600168861237, networkTransactionId: ,  refNo: MCC-PAY-113467692, merchantId: 1625, productId: 150, msisdn: 233240911224, amount: 1.20, balance: , responseCode: 100, responseMessage: Transaction couldn't be completed|Debit MTN customer 
uniwalletTransactionId: 1600168885152, networkTransactionId: ,  refNo: MCC-PAY-354362473, merchantId: 1625, productId: 150, msisdn: 233556191150, amount: 1.20, balance: , responseCode: 100, responseMessage: Transaction couldn't be completed|Debit MTN customer 
uniwalletTransactionId: 1600168885152, networkTransactionId: ,  refNo: MCC-PAY-354362473, merchantId: 1625, productId: 150, msisdn: 233556191150, amount: 1.20, balance: , responseCode: 100, responseMessage: Transaction couldn't be completed|Debit MTN customer 
uniwalletTransactionId: 1600168885152, networkTransactionId: ,  refNo: MCC-PAY-354362473, merchantId: 1625, productId: 150, msisdn: 233556191150, amount: 1.20, balance: , responseCode: 100, responseMessage: Transaction couldn't be completed|Debit MTN customer 
uniwalletTransactionId: 1600169075191, networkTransactionId: 148905133,  refNo: MCC-PAY-553851839, merchantId: 1625, productId: 150, msisdn: 233244188678, amount: 1.20, balance: , responseCode: 01, responseMessage: Successfully processed transaction.|Debit MTN customer 
uniwalletTransactionId: 1600168885152, networkTransactionId: ,  refNo: MCC-PAY-354362473, merchantId: 1625, productId: 150, msisdn: 233556191150, amount: 1.20, balance: , responseCode: 100, responseMessage: Transaction couldn't be completed|Debit MTN customer 
uniwalletTransactionId: 1600169075191, networkTransactionId: 148905133,  refNo: MCC-PAY-553851839, merchantId: 1625, productId: 150, msisdn: 233244188678, amount: 1.20, balance: , responseCode: 01, responseMessage: Successfully processed transaction.|Debit MTN customer 
uniwalletTransactionId: 1600169075191, networkTransactionId: 148905133,  refNo: MCC-PAY-553851839, merchantId: 1625, productId: 150, msisdn: 233244188678, amount: 1.20, balance: , responseCode: 01, responseMessage: Successfully processed transaction.|Debit MTN customer 
uniwalletTransactionId: 1600169075191, networkTransactionId: 148905133,  refNo: MCC-PAY-553851839, merchantId: 1625, productId: 150, msisdn: 233244188678, amount: 1.20, balance: , responseCode: 01, responseMessage: Successfully processed transaction.|Debit MTN customer 
uniwalletTransactionId: 1600168958707, networkTransactionId: ,  refNo: MCC-PAY-360798750, merchantId: 1625, productId: 150, msisdn: 233240911224, amount: 1.20, balance: , responseCode: 100, responseMessage: Transaction couldn't be completed|Debit MTN customer 
uniwalletTransactionId: 1600168958707, networkTransactionId: ,  refNo: MCC-PAY-360798750, merchantId: 1625, productId: 150, msisdn: 233240911224, amount: 1.20, balance: , responseCode: 100, responseMessage: Transaction couldn't be completed|Debit MTN customer 
uniwalletTransactionId: 1600168958707, networkTransactionId: ,  refNo: MCC-PAY-360798750, merchantId: 1625, productId: 150, msisdn: 233240911224, amount: 1.20, balance: , responseCode: 100, responseMessage: Transaction couldn't be completed|Debit MTN customer 
uniwalletTransactionId: 1600168958707, networkTransactionId: ,  refNo: MCC-PAY-360798750, merchantId: 1625, productId: 150, msisdn: 233240911224, amount: 1.20, balance: , responseCode: 100, responseMessage: Transaction couldn't be completed|Debit MTN customer 
uniwalletTransactionId: 1600169049106, networkTransactionId: ,  refNo: MCC-PAY-363827514, merchantId: 1625, productId: 150, msisdn: 233545824095, amount: 1.20, balance: , responseCode: 100, responseMessage: Transaction couldn't be completed|Debit MTN customer 
uniwalletTransactionId: 1600169049106, networkTransactionId: ,  refNo: MCC-PAY-363827514, merchantId: 1625, productId: 150, msisdn: 233545824095, amount: 1.20, balance: , responseCode: 100, responseMessage: Transaction couldn't be completed|Debit MTN customer 
uniwalletTransactionId: 1600169049106, networkTransactionId: ,  refNo: MCC-PAY-363827514, merchantId: 1625, productId: 150, msisdn: 233545824095, amount: 1.20, balance: , responseCode: 100, responseMessage: Transaction couldn't be completed|Debit MTN customer 
uniwalletTransactionId: 1600169049106, networkTransactionId: ,  refNo: MCC-PAY-363827514, merchantId: 1625, productId: 150, msisdn: 233545824095, amount: 1.20, balance: , responseCode: 100, responseMessage: Transaction couldn't be completed|Debit MTN customer 
uniwalletTransactionId: 1600169493490, networkTransactionId: 148905144,  refNo: MCC-PAY-215816442, merchantId: 1625, productId: 150, msisdn: 233556191150, amount: 1.20, balance: , responseCode: 01, responseMessage: Successfully processed transaction.|Debit MTN customer 
uniwalletTransactionId: 1600169493490, networkTransactionId: 148905144,  refNo: MCC-PAY-215816442, merchantId: 1625, productId: 150, msisdn: 233556191150, amount: 1.20, balance: , responseCode: 01, responseMessage: Successfully processed transaction.|Debit MTN customer 
uniwalletTransactionId: 1600169493490, networkTransactionId: 148905144,  refNo: MCC-PAY-215816442, merchantId: 1625, productId: 150, msisdn: 233556191150, amount: 1.20, balance: , responseCode: 01, responseMessage: Successfully processed transaction.|Debit MTN customer 
uniwalletTransactionId: 1600169493490, networkTransactionId: 148905144,  refNo: MCC-PAY-215816442, merchantId: 1625, productId: 150, msisdn: 233556191150, amount: 1.20, balance: , responseCode: 01, responseMessage: Successfully processed transaction.|Debit MTN customer 
uniwalletTransactionId: 1600169162894, networkTransactionId: ,  refNo: MCC-PAY-24669135, merchantId: 1625, productId: 150, msisdn: 233240911224, amount: 1.20, balance: , responseCode: 100, responseMessage: Transaction couldn't be completed|Debit MTN customer 
uniwalletTransactionId: 1600169162894, networkTransactionId: ,  refNo: MCC-PAY-24669135, merchantId: 1625, productId: 150, msisdn: 233240911224, amount: 1.20, balance: , responseCode: 100, responseMessage: Transaction couldn't be completed|Debit MTN customer 
uniwalletTransactionId: 1600169162894, networkTransactionId: ,  refNo: MCC-PAY-24669135, merchantId: 1625, productId: 150, msisdn: 233240911224, amount: 1.20, balance: , responseCode: 100, responseMessage: Transaction couldn't be completed|Debit MTN customer 
uniwalletTransactionId: 1600169394235, networkTransactionId: 148905143,  refNo: MCC-PAY-721343165, merchantId: 1625, productId: 150, msisdn: 233243629575, amount: 1.20, balance: , responseCode: 100, responseMessage: General failure.|Debit MTN customer 
uniwalletTransactionId: 1600169394235, networkTransactionId: 148905143,  refNo: MCC-PAY-721343165, merchantId: 1625, productId: 150, msisdn: 233243629575, amount: 1.20, balance: , responseCode: 100, responseMessage: General failure.|Debit MTN customer 
uniwalletTransactionId: 1600169394235, networkTransactionId: 148905143,  refNo: MCC-PAY-721343165, merchantId: 1625, productId: 150, msisdn: 233243629575, amount: 1.20, balance: , responseCode: 100, responseMessage: General failure.|Debit MTN customer 
uniwalletTransactionId: 1600169162894, networkTransactionId: ,  refNo: MCC-PAY-24669135, merchantId: 1625, productId: 150, msisdn: 233240911224, amount: 1.20, balance: , responseCode: 100, responseMessage: Transaction couldn't be completed|Debit MTN customer 
uniwalletTransactionId: 1600169394235, networkTransactionId: 148905143,  refNo: MCC-PAY-721343165, merchantId: 1625, productId: 150, msisdn: 233243629575, amount: 1.20, balance: , responseCode: 100, responseMessage: General failure.|Debit MTN customer 
uniwalletTransactionId: 1600169221907, networkTransactionId: ,  refNo: MCC-PAY-291374542, merchantId: 1625, productId: 150, msisdn: 233240911224, amount: 1.20, balance: , responseCode: 100, responseMessage: Transaction couldn't be completed|Debit MTN customer 
uniwalletTransactionId: 1600169221907, networkTransactionId: ,  refNo: MCC-PAY-291374542, merchantId: 1625, productId: 150, msisdn: 233240911224, amount: 1.20, balance: , responseCode: 100, responseMessage: Transaction couldn't be completed|Debit MTN customer 
uniwalletTransactionId: 1600169221907, networkTransactionId: ,  refNo: MCC-PAY-291374542, merchantId: 1625, productId: 150, msisdn: 233240911224, amount: 1.20, balance: , responseCode: 100, responseMessage: Transaction couldn't be completed|Debit MTN customer 
uniwalletTransactionId: 1600169228924, networkTransactionId: ,  refNo: MCC-PAY-724982057, merchantId: 1625, productId: 150, msisdn: 233556191150, amount: 1.20, balance: , responseCode: 100, responseMessage: Transaction couldn't be completed|Debit MTN customer 
uniwalletTransactionId: 1600169228924, networkTransactionId: ,  refNo: MCC-PAY-724982057, merchantId: 1625, productId: 150, msisdn: 233556191150, amount: 1.20, balance: , responseCode: 100, responseMessage: Transaction couldn't be completed|Debit MTN customer 
uniwalletTransactionId: 1600169228924, networkTransactionId: ,  refNo: MCC-PAY-724982057, merchantId: 1625, productId: 150, msisdn: 233556191150, amount: 1.20, balance: , responseCode: 100, responseMessage: Transaction couldn't be completed|Debit MTN customer 
uniwalletTransactionId: 1600169221907, networkTransactionId: ,  refNo: MCC-PAY-291374542, merchantId: 1625, productId: 150, msisdn: 233240911224, amount: 1.20, balance: , responseCode: 100, responseMessage: Transaction couldn't be completed|Debit MTN customer 
uniwalletTransactionId: 1600169228924, networkTransactionId: ,  refNo: MCC-PAY-724982057, merchantId: 1625, productId: 150, msisdn: 233556191150, amount: 1.20, balance: , responseCode: 100, responseMessage: Transaction couldn't be completed|Debit MTN customer 
uniwalletTransactionId: 1600169295000, networkTransactionId: ,  refNo: MCC-PAY-159216762, merchantId: 1625, productId: 150, msisdn: 233243629575, amount: 1.20, balance: , responseCode: 100, responseMessage: Transaction couldn't be completed|Debit MTN customer 
uniwalletTransactionId: 1600169295000, networkTransactionId: ,  refNo: MCC-PAY-159216762, merchantId: 1625, productId: 150, msisdn: 233243629575, amount: 1.20, balance: , responseCode: 100, responseMessage: Transaction couldn't be completed|Debit MTN customer 
uniwalletTransactionId: 1600169295000, networkTransactionId: ,  refNo: MCC-PAY-159216762, merchantId: 1625, productId: 150, msisdn: 233243629575, amount: 1.20, balance: , responseCode: 100, responseMessage: Transaction couldn't be completed|Debit MTN customer 
uniwalletTransactionId: 1600169295000, networkTransactionId: ,  refNo: MCC-PAY-159216762, merchantId: 1625, productId: 150, msisdn: 233243629575, amount: 1.20, balance: , responseCode: 100, responseMessage: Transaction couldn't be completed|Debit MTN customer 
uniwalletTransactionId: 1600169732442, networkTransactionId: 148905146,  refNo: MCC-PAY-111675817, merchantId: 1625, productId: 150, msisdn: 233558719210, amount: 1.20, balance: , responseCode: 01, responseMessage: Successfully processed transaction.|Debit MTN customer 
uniwalletTransactionId: 1600169732442, networkTransactionId: 148905146,  refNo: MCC-PAY-111675817, merchantId: 1625, productId: 150, msisdn: 233558719210, amount: 1.20, balance: , responseCode: 01, responseMessage: Successfully processed transaction.|Debit MTN customer 
uniwalletTransactionId: 1600169732442, networkTransactionId: 148905146,  refNo: MCC-PAY-111675817, merchantId: 1625, productId: 150, msisdn: 233558719210, amount: 1.20, balance: , responseCode: 01, responseMessage: Successfully processed transaction.|Debit MTN customer 
uniwalletTransactionId: 1600169732442, networkTransactionId: 148905146,  refNo: MCC-PAY-111675817, merchantId: 1625, productId: 150, msisdn: 233558719210, amount: 1.20, balance: , responseCode: 01, responseMessage: Successfully processed transaction.|Debit MTN customer 
uniwalletTransactionId: 1600169554216, networkTransactionId: ,  refNo: MCC-PAY-998770975, merchantId: 1625, productId: 150, msisdn: 233558719210, amount: 1.20, balance: , responseCode: 100, responseMessage: Transaction couldn't be completed|Debit MTN customer 
uniwalletTransactionId: 1600169554216, networkTransactionId: ,  refNo: MCC-PAY-998770975, merchantId: 1625, productId: 150, msisdn: 233558719210, amount: 1.20, balance: , responseCode: 100, responseMessage: Transaction couldn't be completed|Debit MTN customer 
uniwalletTransactionId: 1600169554216, networkTransactionId: ,  refNo: MCC-PAY-998770975, merchantId: 1625, productId: 150, msisdn: 233558719210, amount: 1.20, balance: , responseCode: 100, responseMessage: Transaction couldn't be completed|Debit MTN customer 
uniwalletTransactionId: 1600169554216, networkTransactionId: ,  refNo: MCC-PAY-998770975, merchantId: 1625, productId: 150, msisdn: 233558719210, amount: 1.20, balance: , responseCode: 100, responseMessage: Transaction couldn't be completed|Debit MTN customer 
uniwalletTransactionId: 1600170191123, networkTransactionId: 148905147,  refNo: MCC-PAY-580548314, merchantId: 1625, productId: 150, msisdn: 233243629575, amount: 1.20, balance: , responseCode: 01, responseMessage: Successfully processed transaction.|Debit MTN customer 
uniwalletTransactionId: 1600170191123, networkTransactionId: 148905147,  refNo: MCC-PAY-580548314, merchantId: 1625, productId: 150, msisdn: 233243629575, amount: 1.20, balance: , responseCode: 01, responseMessage: Successfully processed transaction.|Debit MTN customer 
uniwalletTransactionId: 1600170191123, networkTransactionId: 148905147,  refNo: MCC-PAY-580548314, merchantId: 1625, productId: 150, msisdn: 233243629575, amount: 1.20, balance: , responseCode: 01, responseMessage: Successfully processed transaction.|Debit MTN customer 
uniwalletTransactionId: 1600170191123, networkTransactionId: 148905147,  refNo: MCC-PAY-580548314, merchantId: 1625, productId: 150, msisdn: 233243629575, amount: 1.20, balance: , responseCode: 01, responseMessage: Successfully processed transaction.|Debit MTN customer 
uniwalletTransactionId: 1600170510698, networkTransactionId: ,  refNo: MCC-PAY-299397669, merchantId: 1625, productId: 150, msisdn: 233558719210, amount: 1.20, balance: , responseCode: 100, responseMessage: Transaction couldn't be completed|Debit MTN customer 
uniwalletTransactionId: 1600170510698, networkTransactionId: ,  refNo: MCC-PAY-299397669, merchantId: 1625, productId: 150, msisdn: 233558719210, amount: 1.20, balance: , responseCode: 100, responseMessage: Transaction couldn't be completed|Debit MTN customer 
uniwalletTransactionId: 1600170510698, networkTransactionId: ,  refNo: MCC-PAY-299397669, merchantId: 1625, productId: 150, msisdn: 233558719210, amount: 1.20, balance: , responseCode: 100, responseMessage: Transaction couldn't be completed|Debit MTN customer 
uniwalletTransactionId: 1600170510698, networkTransactionId: ,  refNo: MCC-PAY-299397669, merchantId: 1625, productId: 150, msisdn: 233558719210, amount: 1.20, balance: , responseCode: 100, responseMessage: Transaction couldn't be completed|Debit MTN customer 
uniwalletTransactionId: 1600171019290, networkTransactionId: 148905154,  refNo: MCC-PAY-318527800, merchantId: 1625, productId: 150, msisdn: 233244303430, amount: 1.20, balance: , responseCode: 100, responseMessage: General failure.|Debit MTN customer 
uniwalletTransactionId: 1600171019290, networkTransactionId: 148905154,  refNo: MCC-PAY-318527800, merchantId: 1625, productId: 150, msisdn: 233244303430, amount: 1.20, balance: , responseCode: 100, responseMessage: General failure.|Debit MTN customer 
uniwalletTransactionId: 1600171019290, networkTransactionId: 148905154,  refNo: MCC-PAY-318527800, merchantId: 1625, productId: 150, msisdn: 233244303430, amount: 1.20, balance: , responseCode: 100, responseMessage: General failure.|Debit MTN customer 
uniwalletTransactionId: 1600171019290, networkTransactionId: 148905154,  refNo: MCC-PAY-318527800, merchantId: 1625, productId: 150, msisdn: 233244303430, amount: 1.20, balance: , responseCode: 100, responseMessage: General failure.|Debit MTN customer 
uniwalletTransactionId: 1600171111647, networkTransactionId: 148905156,  refNo: MCC-PAY-488043455, merchantId: 1625, productId: 150, msisdn: 233244303430, amount: 1.20, balance: , responseCode: 01, responseMessage: Successfully processed transaction.|Debit MTN customer 
uniwalletTransactionId: 1600171111647, networkTransactionId: 148905156,  refNo: MCC-PAY-488043455, merchantId: 1625, productId: 150, msisdn: 233244303430, amount: 1.20, balance: , responseCode: 01, responseMessage: Successfully processed transaction.|Debit MTN customer 
uniwalletTransactionId: 1600171111647, networkTransactionId: 148905156,  refNo: MCC-PAY-488043455, merchantId: 1625, productId: 150, msisdn: 233244303430, amount: 1.20, balance: , responseCode: 01, responseMessage: Successfully processed transaction.|Debit MTN customer 
uniwalletTransactionId: 1600171111647, networkTransactionId: 148905156,  refNo: MCC-PAY-488043455, merchantId: 1625, productId: 150, msisdn: 233244303430, amount: 1.20, balance: , responseCode: 01, responseMessage: Successfully processed transaction.|Debit MTN customer 
uniwalletTransactionId: 1600170760464, networkTransactionId: ,  refNo: MCC-PAY-679923140, merchantId: 1625, productId: 150, msisdn: 233558719210, amount: 1.20, balance: , responseCode: 100, responseMessage: Transaction couldn't be completed|Debit MTN customer 
uniwalletTransactionId: 1600170760464, networkTransactionId: ,  refNo: MCC-PAY-679923140, merchantId: 1625, productId: 150, msisdn: 233558719210, amount: 1.20, balance: , responseCode: 100, responseMessage: Transaction couldn't be completed|Debit MTN customer 
uniwalletTransactionId: 1600170760464, networkTransactionId: ,  refNo: MCC-PAY-679923140, merchantId: 1625, productId: 150, msisdn: 233558719210, amount: 1.20, balance: , responseCode: 100, responseMessage: Transaction couldn't be completed|Debit MTN customer 
uniwalletTransactionId: 1600170760464, networkTransactionId: ,  refNo: MCC-PAY-679923140, merchantId: 1625, productId: 150, msisdn: 233558719210, amount: 1.20, balance: , responseCode: 100, responseMessage: Transaction couldn't be completed|Debit MTN customer 
uniwalletTransactionId: 1600170811160, networkTransactionId: ,  refNo: MCC-PAY-564234503, merchantId: 1625, productId: 150, msisdn: 233559428678, amount: 1.20, balance: , responseCode: 100, responseMessage: Transaction couldn't be completed|Debit MTN customer 
uniwalletTransactionId: 1600170811160, networkTransactionId: ,  refNo: MCC-PAY-564234503, merchantId: 1625, productId: 150, msisdn: 233559428678, amount: 1.20, balance: , responseCode: 100, responseMessage: Transaction couldn't be completed|Debit MTN customer 
uniwalletTransactionId: 1600170811160, networkTransactionId: ,  refNo: MCC-PAY-564234503, merchantId: 1625, productId: 150, msisdn: 233559428678, amount: 1.20, balance: , responseCode: 100, responseMessage: Transaction couldn't be completed|Debit MTN customer 
uniwalletTransactionId: 1600170811160, networkTransactionId: ,  refNo: MCC-PAY-564234503, merchantId: 1625, productId: 150, msisdn: 233559428678, amount: 1.20, balance: , responseCode: 100, responseMessage: Transaction couldn't be completed|Debit MTN customer 
uniwalletTransactionId: 1600171393372, networkTransactionId: 148905162,  refNo: MCC-PAY-789223251, merchantId: 1625, productId: 150, msisdn: 233545824095, amount: 1.20, balance: , responseCode: 01, responseMessage: Successfully processed transaction.|Debit MTN customer 
uniwalletTransactionId: 1600171393372, networkTransactionId: 148905162,  refNo: MCC-PAY-789223251, merchantId: 1625, productId: 150, msisdn: 233545824095, amount: 1.20, balance: , responseCode: 01, responseMessage: Successfully processed transaction.|Debit MTN customer 
uniwalletTransactionId: 1600170995668, networkTransactionId: ,  refNo: MCC-PAY-897439238, merchantId: 1625, productId: 150, msisdn: 233243629575, amount: 1.20, balance: , responseCode: 100, responseMessage: Transaction couldn't be completed|Debit MTN customer 
uniwalletTransactionId: 1600171393372, networkTransactionId: 148905162,  refNo: MCC-PAY-789223251, merchantId: 1625, productId: 150, msisdn: 233545824095, amount: 1.20, balance: , responseCode: 01, responseMessage: Successfully processed transaction.|Debit MTN customer 
uniwalletTransactionId: 1600170995668, networkTransactionId: ,  refNo: MCC-PAY-897439238, merchantId: 1625, productId: 150, msisdn: 233243629575, amount: 1.20, balance: , responseCode: 100, responseMessage: Transaction couldn't be completed|Debit MTN customer 
uniwalletTransactionId: 1600170995668, networkTransactionId: ,  refNo: MCC-PAY-897439238, merchantId: 1625, productId: 150, msisdn: 233243629575, amount: 1.20, balance: , responseCode: 100, responseMessage: Transaction couldn't be completed|Debit MTN customer 
uniwalletTransactionId: 1600171393372, networkTransactionId: 148905162,  refNo: MCC-PAY-789223251, merchantId: 1625, productId: 150, msisdn: 233545824095, amount: 1.20, balance: , responseCode: 01, responseMessage: Successfully processed transaction.|Debit MTN customer 
uniwalletTransactionId: 1600170995668, networkTransactionId: ,  refNo: MCC-PAY-897439238, merchantId: 1625, productId: 150, msisdn: 233243629575, amount: 1.20, balance: , responseCode: 100, responseMessage: Transaction couldn't be completed|Debit MTN customer 
uniwalletTransactionId: 1600171027057, networkTransactionId: ,  refNo: MCC-PAY-791938330, merchantId: 1625, productId: 150, msisdn: 233558719210, amount: 1.20, balance: , responseCode: 100, responseMessage: Transaction couldn't be completed|Debit MTN customer 
uniwalletTransactionId: 1600171027057, networkTransactionId: ,  refNo: MCC-PAY-791938330, merchantId: 1625, productId: 150, msisdn: 233558719210, amount: 1.20, balance: , responseCode: 100, responseMessage: Transaction couldn't be completed|Debit MTN customer 
uniwalletTransactionId: 1600171027057, networkTransactionId: ,  refNo: MCC-PAY-791938330, merchantId: 1625, productId: 150, msisdn: 233558719210, amount: 1.20, balance: , responseCode: 100, responseMessage: Transaction couldn't be completed|Debit MTN customer 
uniwalletTransactionId: 1600171449068, networkTransactionId: 148905164,  refNo: MCC-PAY-928107460, merchantId: 1625, productId: 150, msisdn: 233244188678, amount: 1.20, balance: , responseCode: 01, responseMessage: Successfully processed transaction.|Debit MTN customer 
uniwalletTransactionId: 1600171449068, networkTransactionId: 148905164,  refNo: MCC-PAY-928107460, merchantId: 1625, productId: 150, msisdn: 233244188678, amount: 1.20, balance: , responseCode: 01, responseMessage: Successfully processed transaction.|Debit MTN customer 
uniwalletTransactionId: 1600171027057, networkTransactionId: ,  refNo: MCC-PAY-791938330, merchantId: 1625, productId: 150, msisdn: 233558719210, amount: 1.20, balance: , responseCode: 100, responseMessage: Transaction couldn't be completed|Debit MTN customer 
uniwalletTransactionId: 1600171449068, networkTransactionId: 148905164,  refNo: MCC-PAY-928107460, merchantId: 1625, productId: 150, msisdn: 233244188678, amount: 1.20, balance: , responseCode: 01, responseMessage: Successfully processed transaction.|Debit MTN customer 
uniwalletTransactionId: 1600171449068, networkTransactionId: 148905164,  refNo: MCC-PAY-928107460, merchantId: 1625, productId: 150, msisdn: 233244188678, amount: 1.20, balance: , responseCode: 01, responseMessage: Successfully processed transaction.|Debit MTN customer 
uniwalletTransactionId: 1600171286422, networkTransactionId: ,  refNo: MCC-PAY-752400362, merchantId: 1625, productId: 150, msisdn: 233243629575, amount: 30, balance: , responseCode: 100, responseMessage: Transaction couldn't be completed|Debit MTN customer 
uniwalletTransactionId: 1600171286422, networkTransactionId: ,  refNo: MCC-PAY-752400362, merchantId: 1625, productId: 150, msisdn: 233243629575, amount: 30, balance: , responseCode: 100, responseMessage: Transaction couldn't be completed|Debit MTN customer 
uniwalletTransactionId: 1600171286422, networkTransactionId: ,  refNo: MCC-PAY-752400362, merchantId: 1625, productId: 150, msisdn: 233243629575, amount: 30, balance: , responseCode: 100, responseMessage: Transaction couldn't be completed|Debit MTN customer 
uniwalletTransactionId: 1600171286422, networkTransactionId: ,  refNo: MCC-PAY-752400362, merchantId: 1625, productId: 150, msisdn: 233243629575, amount: 30, balance: , responseCode: 100, responseMessage: Transaction couldn't be completed|Debit MTN customer 
uniwalletTransactionId: 1600171311597, networkTransactionId: ,  refNo: MCC-PAY-439251349, merchantId: 1625, productId: 150, msisdn: 233244188678, amount: 1.20, balance: , responseCode: 100, responseMessage: Transaction couldn't be completed|Debit MTN customer 
uniwalletTransactionId: 1600171311597, networkTransactionId: ,  refNo: MCC-PAY-439251349, merchantId: 1625, productId: 150, msisdn: 233244188678, amount: 1.20, balance: , responseCode: 100, responseMessage: Transaction couldn't be completed|Debit MTN customer 
uniwalletTransactionId: 1600171311597, networkTransactionId: ,  refNo: MCC-PAY-439251349, merchantId: 1625, productId: 150, msisdn: 233244188678, amount: 1.20, balance: , responseCode: 100, responseMessage: Transaction couldn't be completed|Debit MTN customer 
uniwalletTransactionId: 1600171311597, networkTransactionId: ,  refNo: MCC-PAY-439251349, merchantId: 1625, productId: 150, msisdn: 233244188678, amount: 1.20, balance: , responseCode: 100, responseMessage: Transaction couldn't be completed|Debit MTN customer 
uniwalletTransactionId: 1600171495813, networkTransactionId: ,  refNo: MCC-PAY-393534947, merchantId: 1625, productId: 150, msisdn: 233558719210, amount: 1.20, balance: , responseCode: 100, responseMessage: Transaction couldn't be completed|Debit MTN customer 
uniwalletTransactionId: 1600171495813, networkTransactionId: ,  refNo: MCC-PAY-393534947, merchantId: 1625, productId: 150, msisdn: 233558719210, amount: 1.20, balance: , responseCode: 100, responseMessage: Transaction couldn't be completed|Debit MTN customer 
uniwalletTransactionId: 1600171495813, networkTransactionId: ,  refNo: MCC-PAY-393534947, merchantId: 1625, productId: 150, msisdn: 233558719210, amount: 1.20, balance: , responseCode: 100, responseMessage: Transaction couldn't be completed|Debit MTN customer 
uniwalletTransactionId: 1600171495813, networkTransactionId: ,  refNo: MCC-PAY-393534947, merchantId: 1625, productId: 150, msisdn: 233558719210, amount: 1.20, balance: , responseCode: 100, responseMessage: Transaction couldn't be completed|Debit MTN customer 
uniwalletTransactionId: 1600176078788, networkTransactionId: 148915018,  refNo: MCC-PAY-380852154, merchantId: 1625, productId: 150, msisdn: 233558719210, amount: 1.20, balance: , responseCode: 01, responseMessage: Successfully processed transaction.|Debit MTN customer 
uniwalletTransactionId: 1600176078788, networkTransactionId: 148915018,  refNo: MCC-PAY-380852154, merchantId: 1625, productId: 150, msisdn: 233558719210, amount: 1.20, balance: , responseCode: 01, responseMessage: Successfully processed transaction.|Debit MTN customer 
uniwalletTransactionId: 1600176078788, networkTransactionId: 148915018,  refNo: MCC-PAY-380852154, merchantId: 1625, productId: 150, msisdn: 233558719210, amount: 1.20, balance: , responseCode: 01, responseMessage: Successfully processed transaction.|Debit MTN customer 
uniwalletTransactionId: 1600176078788, networkTransactionId: 148915018,  refNo: MCC-PAY-380852154, merchantId: 1625, productId: 150, msisdn: 233558719210, amount: 1.20, balance: , responseCode: 01, responseMessage: Successfully processed transaction.|Debit MTN customer 
uniwalletTransactionId: 1600178475707, networkTransactionId: ,  refNo: MCC-PAY-245100735, merchantId: 1625, productId: 150, msisdn: 233506596330, amount: 1.20, balance: , responseCode: 515, responseMessage: ACCOUNTHOLDER_WITH_FRI_NOT_FOUND|Debit MTN customer 
uniwalletTransactionId: 1600178475707, networkTransactionId: ,  refNo: MCC-PAY-245100735, merchantId: 1625, productId: 150, msisdn: 233506596330, amount: 1.20, balance: , responseCode: 515, responseMessage: ACCOUNTHOLDER_WITH_FRI_NOT_FOUND|Debit MTN customer 
uniwalletTransactionId: 1600178475707, networkTransactionId: ,  refNo: MCC-PAY-245100735, merchantId: 1625, productId: 150, msisdn: 233506596330, amount: 1.20, balance: , responseCode: 515, responseMessage: ACCOUNTHOLDER_WITH_FRI_NOT_FOUND|Debit MTN customer 
uniwalletTransactionId: 1600178475707, networkTransactionId: ,  refNo: MCC-PAY-245100735, merchantId: 1625, productId: 150, msisdn: 233506596330, amount: 1.20, balance: , responseCode: 515, responseMessage: ACCOUNTHOLDER_WITH_FRI_NOT_FOUND|Debit MTN customer 
uniwalletTransactionId: 1600179580701, networkTransactionId: ,  refNo: MCC-PAY-212739863, merchantId: 1625, productId: 150, msisdn: 233557630401, amount: 1.20, balance: , responseCode: 515, responseMessage: ACCOUNTHOLDER_WITH_FRI_NOT_FOUND|Debit MTN customer 
uniwalletTransactionId: 1600179580701, networkTransactionId: ,  refNo: MCC-PAY-212739863, merchantId: 1625, productId: 150, msisdn: 233557630401, amount: 1.20, balance: , responseCode: 515, responseMessage: ACCOUNTHOLDER_WITH_FRI_NOT_FOUND|Debit MTN customer 
uniwalletTransactionId: 1600179580701, networkTransactionId: ,  refNo: MCC-PAY-212739863, merchantId: 1625, productId: 150, msisdn: 233557630401, amount: 1.20, balance: , responseCode: 515, responseMessage: ACCOUNTHOLDER_WITH_FRI_NOT_FOUND|Debit MTN customer 
uniwalletTransactionId: 1600179580701, networkTransactionId: ,  refNo: MCC-PAY-212739863, merchantId: 1625, productId: 150, msisdn: 233557630401, amount: 1.20, balance: , responseCode: 515, responseMessage: ACCOUNTHOLDER_WITH_FRI_NOT_FOUND|Debit MTN customer 
uniwalletTransactionId: 1600190560999, networkTransactionId: ,  refNo: MCC-PAY-249931214, merchantId: 1625, productId: 150, msisdn: 233552731220, amount: 300, balance: , responseCode: 515, responseMessage: ACCOUNTHOLDER_WITH_FRI_NOT_FOUND|Debit MTN customer 
uniwalletTransactionId: 1600190560999, networkTransactionId: ,  refNo: MCC-PAY-249931214, merchantId: 1625, productId: 150, msisdn: 233552731220, amount: 300, balance: , responseCode: 515, responseMessage: ACCOUNTHOLDER_WITH_FRI_NOT_FOUND|Debit MTN customer 
uniwalletTransactionId: 1600190560999, networkTransactionId: ,  refNo: MCC-PAY-249931214, merchantId: 1625, productId: 150, msisdn: 233552731220, amount: 300, balance: , responseCode: 515, responseMessage: ACCOUNTHOLDER_WITH_FRI_NOT_FOUND|Debit MTN customer 
uniwalletTransactionId: 1600190560999, networkTransactionId: ,  refNo: MCC-PAY-249931214, merchantId: 1625, productId: 150, msisdn: 233552731220, amount: 300, balance: , responseCode: 515, responseMessage: ACCOUNTHOLDER_WITH_FRI_NOT_FOUND|Debit MTN customer 
uniwalletTransactionId: 1600197428682, networkTransactionId: ,  refNo: MCC-PAY-310522102, merchantId: 1625, productId: 150, msisdn: 233556310612, amount: 600, balance: , responseCode: 515, responseMessage: ACCOUNTHOLDER_WITH_FRI_NOT_FOUND|Debit MTN customer 
uniwalletTransactionId: 1600197428682, networkTransactionId: ,  refNo: MCC-PAY-310522102, merchantId: 1625, productId: 150, msisdn: 233556310612, amount: 600, balance: , responseCode: 515, responseMessage: ACCOUNTHOLDER_WITH_FRI_NOT_FOUND|Debit MTN customer 
uniwalletTransactionId: 1600197428682, networkTransactionId: ,  refNo: MCC-PAY-310522102, merchantId: 1625, productId: 150, msisdn: 233556310612, amount: 600, balance: , responseCode: 515, responseMessage: ACCOUNTHOLDER_WITH_FRI_NOT_FOUND|Debit MTN customer 
uniwalletTransactionId: 1600197428682, networkTransactionId: ,  refNo: MCC-PAY-310522102, merchantId: 1625, productId: 150, msisdn: 233556310612, amount: 600, balance: , responseCode: 515, responseMessage: ACCOUNTHOLDER_WITH_FRI_NOT_FOUND|Debit MTN customer 
