uniwalletTransactionId: 1599727448775, networkTransactionId: ,  refNo: MCC-PAY-48055943, merchantId: 1625, productId: 150, msisdn: 233504017382, amount: 600, balance: , responseCode: 515, responseMessage: ACCOUNTHOLDER_WITH_FRI_NOT_FOUND|Debit MTN customer 
uniwalletTransactionId: 1599727448775, networkTransactionId: ,  refNo: MCC-PAY-48055943, merchantId: 1625, productId: 150, msisdn: 233504017382, amount: 600, balance: , responseCode: 515, responseMessage: ACCOUNTHOLDER_WITH_FRI_NOT_FOUND|Debit MTN customer 
uniwalletTransactionId: 1599727448775, networkTransactionId: ,  refNo: MCC-PAY-48055943, merchantId: 1625, productId: 150, msisdn: 233504017382, amount: 600, balance: , responseCode: 515, responseMessage: ACCOUNTHOLDER_WITH_FRI_NOT_FOUND|Debit MTN customer 
uniwalletTransactionId: 1599727448775, networkTransactionId: ,  refNo: MCC-PAY-48055943, merchantId: 1625, productId: 150, msisdn: 233504017382, amount: 600, balance: , responseCode: 515, responseMessage: ACCOUNTHOLDER_WITH_FRI_NOT_FOUND|Debit MTN customer 
uniwalletTransactionId: 1599731617129, networkTransactionId: ,  refNo: MCC-PAY-488402901, merchantId: 1625, productId: 150, msisdn: 233273953562, amount: 1.20, balance: , responseCode: 682, responseMessage: An internal error caused the operation to fail|Debit MTN customer 
uniwalletTransactionId: 1599731617129, networkTransactionId: ,  refNo: MCC-PAY-488402901, merchantId: 1625, productId: 150, msisdn: 233273953562, amount: 1.20, balance: , responseCode: 682, responseMessage: An internal error caused the operation to fail|Debit MTN customer 
uniwalletTransactionId: 1599731617129, networkTransactionId: ,  refNo: MCC-PAY-488402901, merchantId: 1625, productId: 150, msisdn: 233273953562, amount: 1.20, balance: , responseCode: 682, responseMessage: An internal error caused the operation to fail|Debit MTN customer 
uniwalletTransactionId: 1599731617129, networkTransactionId: ,  refNo: MCC-PAY-488402901, merchantId: 1625, productId: 150, msisdn: 233273953562, amount: 1.20, balance: , responseCode: 682, responseMessage: An internal error caused the operation to fail|Debit MTN customer 
uniwalletTransactionId: 1599733702982, networkTransactionId: ,  refNo: MCC-PAY-127960767, merchantId: 1625, productId: 150, msisdn: 233542186477, amount: 1.20, balance: , responseCode: SVC0001, responseMessage: The message has been licence controled.|Debit MTN customer 
uniwalletTransactionId: 1599733702982, networkTransactionId: ,  refNo: MCC-PAY-127960767, merchantId: 1625, productId: 150, msisdn: 233542186477, amount: 1.20, balance: , responseCode: SVC0001, responseMessage: The message has been licence controled.|Debit MTN customer 
uniwalletTransactionId: 1599733702982, networkTransactionId: ,  refNo: MCC-PAY-127960767, merchantId: 1625, productId: 150, msisdn: 233542186477, amount: 1.20, balance: , responseCode: SVC0001, responseMessage: The message has been licence controled.|Debit MTN customer 
uniwalletTransactionId: 1599733702982, networkTransactionId: ,  refNo: MCC-PAY-127960767, merchantId: 1625, productId: 150, msisdn: 233542186477, amount: 1.20, balance: , responseCode: SVC0001, responseMessage: The message has been licence controled.|Debit MTN customer 
uniwalletTransactionId: 1599735426144, networkTransactionId: ,  refNo: MCC-PAY-596625845, merchantId: 1625, productId: 150, msisdn: 233240261063, amount: 300, balance: , responseCode: 515, responseMessage: ACCOUNTHOLDER_WITH_FRI_NOT_FOUND|Debit MTN customer 
uniwalletTransactionId: 1599735426144, networkTransactionId: ,  refNo: MCC-PAY-596625845, merchantId: 1625, productId: 150, msisdn: 233240261063, amount: 300, balance: , responseCode: 515, responseMessage: ACCOUNTHOLDER_WITH_FRI_NOT_FOUND|Debit MTN customer 
uniwalletTransactionId: 1599735426144, networkTransactionId: ,  refNo: MCC-PAY-596625845, merchantId: 1625, productId: 150, msisdn: 233240261063, amount: 300, balance: , responseCode: 515, responseMessage: ACCOUNTHOLDER_WITH_FRI_NOT_FOUND|Debit MTN customer 
uniwalletTransactionId: 1599735426144, networkTransactionId: ,  refNo: MCC-PAY-596625845, merchantId: 1625, productId: 150, msisdn: 233240261063, amount: 300, balance: , responseCode: 515, responseMessage: ACCOUNTHOLDER_WITH_FRI_NOT_FOUND|Debit MTN customer 
uniwalletTransactionId: 1599735512774, networkTransactionId: ,  refNo: MCC-PAY-73831841, merchantId: 1625, productId: 150, msisdn: 233240261063, amount: 1.20, balance: , responseCode: 515, responseMessage: ACCOUNTHOLDER_WITH_FRI_NOT_FOUND|Debit MTN customer 
uniwalletTransactionId: 1599735512774, networkTransactionId: ,  refNo: MCC-PAY-73831841, merchantId: 1625, productId: 150, msisdn: 233240261063, amount: 1.20, balance: , responseCode: 515, responseMessage: ACCOUNTHOLDER_WITH_FRI_NOT_FOUND|Debit MTN customer 
uniwalletTransactionId: 1599735512774, networkTransactionId: ,  refNo: MCC-PAY-73831841, merchantId: 1625, productId: 150, msisdn: 233240261063, amount: 1.20, balance: , responseCode: 515, responseMessage: ACCOUNTHOLDER_WITH_FRI_NOT_FOUND|Debit MTN customer 
uniwalletTransactionId: 1599735512774, networkTransactionId: ,  refNo: MCC-PAY-73831841, merchantId: 1625, productId: 150, msisdn: 233240261063, amount: 1.20, balance: , responseCode: 515, responseMessage: ACCOUNTHOLDER_WITH_FRI_NOT_FOUND|Debit MTN customer 
uniwalletTransactionId: 1599735585751, networkTransactionId: ,  refNo: MCC-PAY-122040984, merchantId: 1625, productId: 150, msisdn: 233240261063, amount: 30, balance: , responseCode: SVC0001, responseMessage: The message has been licence controled.|Debit MTN customer 
uniwalletTransactionId: 1599735585751, networkTransactionId: ,  refNo: MCC-PAY-122040984, merchantId: 1625, productId: 150, msisdn: 233240261063, amount: 30, balance: , responseCode: SVC0001, responseMessage: The message has been licence controled.|Debit MTN customer 
uniwalletTransactionId: 1599735585751, networkTransactionId: ,  refNo: MCC-PAY-122040984, merchantId: 1625, productId: 150, msisdn: 233240261063, amount: 30, balance: , responseCode: SVC0001, responseMessage: The message has been licence controled.|Debit MTN customer 
uniwalletTransactionId: 1599735585751, networkTransactionId: ,  refNo: MCC-PAY-122040984, merchantId: 1625, productId: 150, msisdn: 233240261063, amount: 30, balance: , responseCode: SVC0001, responseMessage: The message has been licence controled.|Debit MTN customer 
uniwalletTransactionId: 1599750964975, networkTransactionId: ,  refNo: MCC-PAY-407481912, merchantId: 1625, productId: 150, msisdn: 233509462598, amount: 1.20, balance: , responseCode: 515, responseMessage: ACCOUNTHOLDER_WITH_FRI_NOT_FOUND|Debit MTN customer 
uniwalletTransactionId: 1599750964975, networkTransactionId: ,  refNo: MCC-PAY-407481912, merchantId: 1625, productId: 150, msisdn: 233509462598, amount: 1.20, balance: , responseCode: 515, responseMessage: ACCOUNTHOLDER_WITH_FRI_NOT_FOUND|Debit MTN customer 
uniwalletTransactionId: 1599750964975, networkTransactionId: ,  refNo: MCC-PAY-407481912, merchantId: 1625, productId: 150, msisdn: 233509462598, amount: 1.20, balance: , responseCode: 515, responseMessage: ACCOUNTHOLDER_WITH_FRI_NOT_FOUND|Debit MTN customer 
uniwalletTransactionId: 1599750964975, networkTransactionId: ,  refNo: MCC-PAY-407481912, merchantId: 1625, productId: 150, msisdn: 233509462598, amount: 1.20, balance: , responseCode: 515, responseMessage: ACCOUNTHOLDER_WITH_FRI_NOT_FOUND|Debit MTN customer 
uniwalletTransactionId: 1599756663395, networkTransactionId: ,  refNo: MCC-PAY-926561222, merchantId: 1625, productId: 150, msisdn: 233553993460, amount: 1.20, balance: , responseCode: SVC0001, responseMessage: The message has been licence controled.|Debit MTN customer 
uniwalletTransactionId: 1599756663395, networkTransactionId: ,  refNo: MCC-PAY-926561222, merchantId: 1625, productId: 150, msisdn: 233553993460, amount: 1.20, balance: , responseCode: SVC0001, responseMessage: The message has been licence controled.|Debit MTN customer 
uniwalletTransactionId: 1599756663395, networkTransactionId: ,  refNo: MCC-PAY-926561222, merchantId: 1625, productId: 150, msisdn: 233553993460, amount: 1.20, balance: , responseCode: SVC0001, responseMessage: The message has been licence controled.|Debit MTN customer 
uniwalletTransactionId: 1599756663395, networkTransactionId: ,  refNo: MCC-PAY-926561222, merchantId: 1625, productId: 150, msisdn: 233553993460, amount: 1.20, balance: , responseCode: SVC0001, responseMessage: The message has been licence controled.|Debit MTN customer 
uniwalletTransactionId: 1599760708787, networkTransactionId: ,  refNo: MCC-PAY-259398952, merchantId: 1625, productId: 150, msisdn: 233594463603, amount: 600, balance: , responseCode: 515, responseMessage: ACCOUNTHOLDER_WITH_FRI_NOT_FOUND|Debit MTN customer 
uniwalletTransactionId: 1599760708787, networkTransactionId: ,  refNo: MCC-PAY-259398952, merchantId: 1625, productId: 150, msisdn: 233594463603, amount: 600, balance: , responseCode: 515, responseMessage: ACCOUNTHOLDER_WITH_FRI_NOT_FOUND|Debit MTN customer 
uniwalletTransactionId: 1599760708787, networkTransactionId: ,  refNo: MCC-PAY-259398952, merchantId: 1625, productId: 150, msisdn: 233594463603, amount: 600, balance: , responseCode: 515, responseMessage: ACCOUNTHOLDER_WITH_FRI_NOT_FOUND|Debit MTN customer 
uniwalletTransactionId: 1599760708787, networkTransactionId: ,  refNo: MCC-PAY-259398952, merchantId: 1625, productId: 150, msisdn: 233594463603, amount: 600, balance: , responseCode: 515, responseMessage: ACCOUNTHOLDER_WITH_FRI_NOT_FOUND|Debit MTN customer 
uniwalletTransactionId: 1599769983554, networkTransactionId: 148695020,  refNo: MCC-PAY-97834208, merchantId: 1625, productId: 150, msisdn: 233240215305, amount: 1.20, balance: , responseCode: 01, responseMessage: Successfully processed transaction.|Debit MTN customer 
uniwalletTransactionId: 1599769983554, networkTransactionId: 148695020,  refNo: MCC-PAY-97834208, merchantId: 1625, productId: 150, msisdn: 233240215305, amount: 1.20, balance: , responseCode: 01, responseMessage: Successfully processed transaction.|Debit MTN customer 
uniwalletTransactionId: 1599769983554, networkTransactionId: 148695020,  refNo: MCC-PAY-97834208, merchantId: 1625, productId: 150, msisdn: 233240215305, amount: 1.20, balance: , responseCode: 01, responseMessage: Successfully processed transaction.|Debit MTN customer 
uniwalletTransactionId: 1599769983554, networkTransactionId: 148695020,  refNo: MCC-PAY-97834208, merchantId: 1625, productId: 150, msisdn: 233240215305, amount: 1.20, balance: , responseCode: 01, responseMessage: Successfully processed transaction.|Debit MTN customer 
uniwalletTransactionId: 1599770464562, networkTransactionId: 148695022,  refNo: MCC-PAY-704966935, merchantId: 1625, productId: 150, msisdn: 233240215305, amount: 1.20, balance: , responseCode: 01, responseMessage: Successfully processed transaction.|Debit MTN customer 
uniwalletTransactionId: 1599770464562, networkTransactionId: 148695022,  refNo: MCC-PAY-704966935, merchantId: 1625, productId: 150, msisdn: 233240215305, amount: 1.20, balance: , responseCode: 01, responseMessage: Successfully processed transaction.|Debit MTN customer 
uniwalletTransactionId: 1599770114451, networkTransactionId: ,  refNo: MCC-PAY-506375993, merchantId: 1625, productId: 150, msisdn: 233240215305, amount: 30, balance: , responseCode: 100, responseMessage: Transaction couldn't be completed|Debit MTN customer 
uniwalletTransactionId: 1599770114451, networkTransactionId: ,  refNo: MCC-PAY-506375993, merchantId: 1625, productId: 150, msisdn: 233240215305, amount: 30, balance: , responseCode: 100, responseMessage: Transaction couldn't be completed|Debit MTN customer 
uniwalletTransactionId: 1599770464562, networkTransactionId: 148695022,  refNo: MCC-PAY-704966935, merchantId: 1625, productId: 150, msisdn: 233240215305, amount: 1.20, balance: , responseCode: 01, responseMessage: Successfully processed transaction.|Debit MTN customer 
uniwalletTransactionId: 1599770114451, networkTransactionId: ,  refNo: MCC-PAY-506375993, merchantId: 1625, productId: 150, msisdn: 233240215305, amount: 30, balance: , responseCode: 100, responseMessage: Transaction couldn't be completed|Debit MTN customer 
uniwalletTransactionId: 1599770464562, networkTransactionId: 148695022,  refNo: MCC-PAY-704966935, merchantId: 1625, productId: 150, msisdn: 233240215305, amount: 1.20, balance: , responseCode: 01, responseMessage: Successfully processed transaction.|Debit MTN customer 
uniwalletTransactionId: 1599770114451, networkTransactionId: ,  refNo: MCC-PAY-506375993, merchantId: 1625, productId: 150, msisdn: 233240215305, amount: 30, balance: , responseCode: 100, responseMessage: Transaction couldn't be completed|Debit MTN customer 
uniwalletTransactionId: 1599770684236, networkTransactionId: 148695023,  refNo: MCC-PAY-570140120, merchantId: 1625, productId: 150, msisdn: 233240215305, amount: 30, balance: , responseCode: 01, responseMessage: Successfully processed transaction.|Debit MTN customer 
uniwalletTransactionId: 1599770684236, networkTransactionId: 148695023,  refNo: MCC-PAY-570140120, merchantId: 1625, productId: 150, msisdn: 233240215305, amount: 30, balance: , responseCode: 01, responseMessage: Successfully processed transaction.|Debit MTN customer 
uniwalletTransactionId: 1599770684236, networkTransactionId: 148695023,  refNo: MCC-PAY-570140120, merchantId: 1625, productId: 150, msisdn: 233240215305, amount: 30, balance: , responseCode: 01, responseMessage: Successfully processed transaction.|Debit MTN customer 
uniwalletTransactionId: 1599770684236, networkTransactionId: 148695023,  refNo: MCC-PAY-570140120, merchantId: 1625, productId: 150, msisdn: 233240215305, amount: 30, balance: , responseCode: 01, responseMessage: Successfully processed transaction.|Debit MTN customer 
uniwalletTransactionId: 1599770827289, networkTransactionId: 148695024,  refNo: MCC-PAY-330141966, merchantId: 1625, productId: 150, msisdn: 233240215305, amount: 1.20, balance: , responseCode: 01, responseMessage: Successfully processed transaction.|Debit MTN customer 
uniwalletTransactionId: 1599770827289, networkTransactionId: 148695024,  refNo: MCC-PAY-330141966, merchantId: 1625, productId: 150, msisdn: 233240215305, amount: 1.20, balance: , responseCode: 01, responseMessage: Successfully processed transaction.|Debit MTN customer 
uniwalletTransactionId: 1599770827289, networkTransactionId: 148695024,  refNo: MCC-PAY-330141966, merchantId: 1625, productId: 150, msisdn: 233240215305, amount: 1.20, balance: , responseCode: 01, responseMessage: Successfully processed transaction.|Debit MTN customer 
uniwalletTransactionId: 1599770827289, networkTransactionId: 148695024,  refNo: MCC-PAY-330141966, merchantId: 1625, productId: 150, msisdn: 233240215305, amount: 1.20, balance: , responseCode: 01, responseMessage: Successfully processed transaction.|Debit MTN customer 
uniwalletTransactionId: 1599772456704, networkTransactionId: 148695025,  refNo: MCC-PAY-929856754, merchantId: 1625, productId: 150, msisdn: 233558719210, amount: 1.20, balance: , responseCode: 01, responseMessage: Successfully processed transaction.|Debit MTN customer 
uniwalletTransactionId: 1599772456704, networkTransactionId: 148695025,  refNo: MCC-PAY-929856754, merchantId: 1625, productId: 150, msisdn: 233558719210, amount: 1.20, balance: , responseCode: 01, responseMessage: Successfully processed transaction.|Debit MTN customer 
uniwalletTransactionId: 1599772456704, networkTransactionId: 148695025,  refNo: MCC-PAY-929856754, merchantId: 1625, productId: 150, msisdn: 233558719210, amount: 1.20, balance: , responseCode: 01, responseMessage: Successfully processed transaction.|Debit MTN customer 
uniwalletTransactionId: 1599772456704, networkTransactionId: 148695025,  refNo: MCC-PAY-929856754, merchantId: 1625, productId: 150, msisdn: 233558719210, amount: 1.20, balance: , responseCode: 01, responseMessage: Successfully processed transaction.|Debit MTN customer 
