uniwalletTransactionId: 1600759057396, networkTransactionId: ,  refNo: MCC-PAY-653241050, merchantId: 1625, productId: 150, msisdn: 233265834105, amount: 600, balance: , responseCode: 515, responseMessage: ACCOUNTHOLDER_WITH_FRI_NOT_FOUND|Debit MTN customer 
uniwalletTransactionId: 1600759057396, networkTransactionId: ,  refNo: MCC-PAY-653241050, merchantId: 1625, productId: 150, msisdn: 233265834105, amount: 600, balance: , responseCode: 515, responseMessage: ACCOUNTHOLDER_WITH_FRI_NOT_FOUND|Debit MTN customer 
uniwalletTransactionId: 1600759057396, networkTransactionId: ,  refNo: MCC-PAY-653241050, merchantId: 1625, productId: 150, msisdn: 233265834105, amount: 600, balance: , responseCode: 515, responseMessage: ACCOUNTHOLDER_WITH_FRI_NOT_FOUND|Debit MTN customer 
uniwalletTransactionId: 1600759057396, networkTransactionId: ,  refNo: MCC-PAY-653241050, merchantId: 1625, productId: 150, msisdn: 233265834105, amount: 600, balance: , responseCode: 515, responseMessage: ACCOUNTHOLDER_WITH_FRI_NOT_FOUND|Debit MTN customer 
uniwalletTransactionId: 1600759114291, networkTransactionId: ,  refNo: MCC-PAY-337465839, merchantId: 1625, productId: 150, msisdn: 233265834105, amount: 600, balance: , responseCode: 515, responseMessage: ACCOUNTHOLDER_WITH_FRI_NOT_FOUND|Debit MTN customer 
uniwalletTransactionId: 1600759114291, networkTransactionId: ,  refNo: MCC-PAY-337465839, merchantId: 1625, productId: 150, msisdn: 233265834105, amount: 600, balance: , responseCode: 515, responseMessage: ACCOUNTHOLDER_WITH_FRI_NOT_FOUND|Debit MTN customer 
uniwalletTransactionId: 1600759114291, networkTransactionId: ,  refNo: MCC-PAY-337465839, merchantId: 1625, productId: 150, msisdn: 233265834105, amount: 600, balance: , responseCode: 515, responseMessage: ACCOUNTHOLDER_WITH_FRI_NOT_FOUND|Debit MTN customer 
uniwalletTransactionId: 1600759114291, networkTransactionId: ,  refNo: MCC-PAY-337465839, merchantId: 1625, productId: 150, msisdn: 233265834105, amount: 600, balance: , responseCode: 515, responseMessage: ACCOUNTHOLDER_WITH_FRI_NOT_FOUND|Debit MTN customer 
uniwalletTransactionId: 1600759164450, networkTransactionId: ,  refNo: MCC-PAY-560194851, merchantId: 1625, productId: 150, msisdn: 233265834105, amount: 600, balance: , responseCode: SVC0001, responseMessage: The message has been licence controled.|Debit MTN customer 
uniwalletTransactionId: 1600759164450, networkTransactionId: ,  refNo: MCC-PAY-560194851, merchantId: 1625, productId: 150, msisdn: 233265834105, amount: 600, balance: , responseCode: SVC0001, responseMessage: The message has been licence controled.|Debit MTN customer 
uniwalletTransactionId: 1600759164450, networkTransactionId: ,  refNo: MCC-PAY-560194851, merchantId: 1625, productId: 150, msisdn: 233265834105, amount: 600, balance: , responseCode: SVC0001, responseMessage: The message has been licence controled.|Debit MTN customer 
uniwalletTransactionId: 1600759164450, networkTransactionId: ,  refNo: MCC-PAY-560194851, merchantId: 1625, productId: 150, msisdn: 233265834105, amount: 600, balance: , responseCode: SVC0001, responseMessage: The message has been licence controled.|Debit MTN customer 
uniwalletTransactionId: 1600763573573, networkTransactionId: ,  refNo: MCC-PAY-900898579, merchantId: 1625, productId: 150, msisdn: 233276832184, amount: 30, balance: , responseCode: 515, responseMessage: ACCOUNTHOLDER_WITH_FRI_NOT_FOUND|Debit MTN customer 
uniwalletTransactionId: 1600763573573, networkTransactionId: ,  refNo: MCC-PAY-900898579, merchantId: 1625, productId: 150, msisdn: 233276832184, amount: 30, balance: , responseCode: 515, responseMessage: ACCOUNTHOLDER_WITH_FRI_NOT_FOUND|Debit MTN customer 
uniwalletTransactionId: 1600763573573, networkTransactionId: ,  refNo: MCC-PAY-900898579, merchantId: 1625, productId: 150, msisdn: 233276832184, amount: 30, balance: , responseCode: 515, responseMessage: ACCOUNTHOLDER_WITH_FRI_NOT_FOUND|Debit MTN customer 
uniwalletTransactionId: 1600763573573, networkTransactionId: ,  refNo: MCC-PAY-900898579, merchantId: 1625, productId: 150, msisdn: 233276832184, amount: 30, balance: , responseCode: 515, responseMessage: ACCOUNTHOLDER_WITH_FRI_NOT_FOUND|Debit MTN customer 
uniwalletTransactionId: 1600772927905, networkTransactionId: ,  refNo: MCC-PAY-677312350, merchantId: 1625, productId: 150, msisdn: 233244632692, amount: 1.20, balance: , responseCode: 515, responseMessage: ACCOUNTHOLDER_WITH_FRI_NOT_FOUND|Debit MTN customer 
uniwalletTransactionId: 1600772927905, networkTransactionId: ,  refNo: MCC-PAY-677312350, merchantId: 1625, productId: 150, msisdn: 233244632692, amount: 1.20, balance: , responseCode: 515, responseMessage: ACCOUNTHOLDER_WITH_FRI_NOT_FOUND|Debit MTN customer 
uniwalletTransactionId: 1600772927905, networkTransactionId: ,  refNo: MCC-PAY-677312350, merchantId: 1625, productId: 150, msisdn: 233244632692, amount: 1.20, balance: , responseCode: 515, responseMessage: ACCOUNTHOLDER_WITH_FRI_NOT_FOUND|Debit MTN customer 
uniwalletTransactionId: 1600772927905, networkTransactionId: ,  refNo: MCC-PAY-677312350, merchantId: 1625, productId: 150, msisdn: 233244632692, amount: 1.20, balance: , responseCode: 515, responseMessage: ACCOUNTHOLDER_WITH_FRI_NOT_FOUND|Debit MTN customer 
uniwalletTransactionId: 1600772986484, networkTransactionId: ,  refNo: MCC-PAY-753977217, merchantId: 1625, productId: 150, msisdn: 233244632692, amount: 1.20, balance: , responseCode: 515, responseMessage: ACCOUNTHOLDER_WITH_FRI_NOT_FOUND|Debit MTN customer 
uniwalletTransactionId: 1600772986484, networkTransactionId: ,  refNo: MCC-PAY-753977217, merchantId: 1625, productId: 150, msisdn: 233244632692, amount: 1.20, balance: , responseCode: 515, responseMessage: ACCOUNTHOLDER_WITH_FRI_NOT_FOUND|Debit MTN customer 
uniwalletTransactionId: 1600772986484, networkTransactionId: ,  refNo: MCC-PAY-753977217, merchantId: 1625, productId: 150, msisdn: 233244632692, amount: 1.20, balance: , responseCode: 515, responseMessage: ACCOUNTHOLDER_WITH_FRI_NOT_FOUND|Debit MTN customer 
uniwalletTransactionId: 1600772986484, networkTransactionId: ,  refNo: MCC-PAY-753977217, merchantId: 1625, productId: 150, msisdn: 233244632692, amount: 1.20, balance: , responseCode: 515, responseMessage: ACCOUNTHOLDER_WITH_FRI_NOT_FOUND|Debit MTN customer 
uniwalletTransactionId: 1600774536416, networkTransactionId: ,  refNo: MCC-PAY-902839742, merchantId: 1625, productId: 150, msisdn: 233552559032, amount: 1.20, balance: , responseCode: 515, responseMessage: ACCOUNTHOLDER_WITH_FRI_NOT_FOUND|Debit MTN customer 
uniwalletTransactionId: 1600774536416, networkTransactionId: ,  refNo: MCC-PAY-902839742, merchantId: 1625, productId: 150, msisdn: 233552559032, amount: 1.20, balance: , responseCode: 515, responseMessage: ACCOUNTHOLDER_WITH_FRI_NOT_FOUND|Debit MTN customer 
uniwalletTransactionId: 1600774536416, networkTransactionId: ,  refNo: MCC-PAY-902839742, merchantId: 1625, productId: 150, msisdn: 233552559032, amount: 1.20, balance: , responseCode: 515, responseMessage: ACCOUNTHOLDER_WITH_FRI_NOT_FOUND|Debit MTN customer 
uniwalletTransactionId: 1600774536416, networkTransactionId: ,  refNo: MCC-PAY-902839742, merchantId: 1625, productId: 150, msisdn: 233552559032, amount: 1.20, balance: , responseCode: 515, responseMessage: ACCOUNTHOLDER_WITH_FRI_NOT_FOUND|Debit MTN customer 
uniwalletTransactionId: 1600775350370, networkTransactionId: ,  refNo: MCC-PAY-113000878, merchantId: 1625, productId: 150, msisdn: 233509391494, amount: 1.20, balance: , responseCode: 515, responseMessage: ACCOUNTHOLDER_WITH_FRI_NOT_FOUND|Debit MTN customer 
uniwalletTransactionId: 1600775350370, networkTransactionId: ,  refNo: MCC-PAY-113000878, merchantId: 1625, productId: 150, msisdn: 233509391494, amount: 1.20, balance: , responseCode: 515, responseMessage: ACCOUNTHOLDER_WITH_FRI_NOT_FOUND|Debit MTN customer 
uniwalletTransactionId: 1600775350370, networkTransactionId: ,  refNo: MCC-PAY-113000878, merchantId: 1625, productId: 150, msisdn: 233509391494, amount: 1.20, balance: , responseCode: 515, responseMessage: ACCOUNTHOLDER_WITH_FRI_NOT_FOUND|Debit MTN customer 
uniwalletTransactionId: 1600775364960, networkTransactionId: ,  refNo: MCC-PAY-231927599, merchantId: 1625, productId: 150, msisdn: 233552559032, amount: 1.20, balance: , responseCode: 515, responseMessage: ACCOUNTHOLDER_WITH_FRI_NOT_FOUND|Debit MTN customer 
uniwalletTransactionId: 1600775364960, networkTransactionId: ,  refNo: MCC-PAY-231927599, merchantId: 1625, productId: 150, msisdn: 233552559032, amount: 1.20, balance: , responseCode: 515, responseMessage: ACCOUNTHOLDER_WITH_FRI_NOT_FOUND|Debit MTN customer 
uniwalletTransactionId: 1600775364960, networkTransactionId: ,  refNo: MCC-PAY-231927599, merchantId: 1625, productId: 150, msisdn: 233552559032, amount: 1.20, balance: , responseCode: 515, responseMessage: ACCOUNTHOLDER_WITH_FRI_NOT_FOUND|Debit MTN customer 
uniwalletTransactionId: 1600775350370, networkTransactionId: ,  refNo: MCC-PAY-113000878, merchantId: 1625, productId: 150, msisdn: 233509391494, amount: 1.20, balance: , responseCode: 515, responseMessage: ACCOUNTHOLDER_WITH_FRI_NOT_FOUND|Debit MTN customer 
uniwalletTransactionId: 1600775364960, networkTransactionId: ,  refNo: MCC-PAY-231927599, merchantId: 1625, productId: 150, msisdn: 233552559032, amount: 1.20, balance: , responseCode: 515, responseMessage: ACCOUNTHOLDER_WITH_FRI_NOT_FOUND|Debit MTN customer 
uniwalletTransactionId: 1600776253127, networkTransactionId: ,  refNo: MCC-PAY-828633047, merchantId: 1625, productId: 150, msisdn: 233543645688, amount: 1.20, balance: , responseCode: 515, responseMessage: ACCOUNTHOLDER_WITH_FRI_NOT_FOUND|Debit MTN customer 
uniwalletTransactionId: 1600776253127, networkTransactionId: ,  refNo: MCC-PAY-828633047, merchantId: 1625, productId: 150, msisdn: 233543645688, amount: 1.20, balance: , responseCode: 515, responseMessage: ACCOUNTHOLDER_WITH_FRI_NOT_FOUND|Debit MTN customer 
uniwalletTransactionId: 1600776253127, networkTransactionId: ,  refNo: MCC-PAY-828633047, merchantId: 1625, productId: 150, msisdn: 233543645688, amount: 1.20, balance: , responseCode: 515, responseMessage: ACCOUNTHOLDER_WITH_FRI_NOT_FOUND|Debit MTN customer 
uniwalletTransactionId: 1600776253127, networkTransactionId: ,  refNo: MCC-PAY-828633047, merchantId: 1625, productId: 150, msisdn: 233543645688, amount: 1.20, balance: , responseCode: 515, responseMessage: ACCOUNTHOLDER_WITH_FRI_NOT_FOUND|Debit MTN customer 
uniwalletTransactionId: 1600780055958, networkTransactionId: ,  refNo: MCC-PAY-209725353, merchantId: 1625, productId: 150, msisdn: 233552557227, amount: 1.20, balance: , responseCode: 515, responseMessage: ACCOUNTHOLDER_WITH_FRI_NOT_FOUND|Debit MTN customer 
uniwalletTransactionId: 1600780055958, networkTransactionId: ,  refNo: MCC-PAY-209725353, merchantId: 1625, productId: 150, msisdn: 233552557227, amount: 1.20, balance: , responseCode: 515, responseMessage: ACCOUNTHOLDER_WITH_FRI_NOT_FOUND|Debit MTN customer 
uniwalletTransactionId: 1600780055958, networkTransactionId: ,  refNo: MCC-PAY-209725353, merchantId: 1625, productId: 150, msisdn: 233552557227, amount: 1.20, balance: , responseCode: 515, responseMessage: ACCOUNTHOLDER_WITH_FRI_NOT_FOUND|Debit MTN customer 
uniwalletTransactionId: 1600780055958, networkTransactionId: ,  refNo: MCC-PAY-209725353, merchantId: 1625, productId: 150, msisdn: 233552557227, amount: 1.20, balance: , responseCode: 515, responseMessage: ACCOUNTHOLDER_WITH_FRI_NOT_FOUND|Debit MTN customer 
uniwalletTransactionId: 1600780127309, networkTransactionId: ,  refNo: MCC-PAY-562914144, merchantId: 1625, productId: 150, msisdn: 233552557227, amount: 1.20, balance: , responseCode: 515, responseMessage: ACCOUNTHOLDER_WITH_FRI_NOT_FOUND|Debit MTN customer 
uniwalletTransactionId: 1600780127309, networkTransactionId: ,  refNo: MCC-PAY-562914144, merchantId: 1625, productId: 150, msisdn: 233552557227, amount: 1.20, balance: , responseCode: 515, responseMessage: ACCOUNTHOLDER_WITH_FRI_NOT_FOUND|Debit MTN customer 
uniwalletTransactionId: 1600780127309, networkTransactionId: ,  refNo: MCC-PAY-562914144, merchantId: 1625, productId: 150, msisdn: 233552557227, amount: 1.20, balance: , responseCode: 515, responseMessage: ACCOUNTHOLDER_WITH_FRI_NOT_FOUND|Debit MTN customer 
uniwalletTransactionId: 1600780127309, networkTransactionId: ,  refNo: MCC-PAY-562914144, merchantId: 1625, productId: 150, msisdn: 233552557227, amount: 1.20, balance: , responseCode: 515, responseMessage: ACCOUNTHOLDER_WITH_FRI_NOT_FOUND|Debit MTN customer 
uniwalletTransactionId: 1600781036011, networkTransactionId: ,  refNo: MCC-PAY-922771070, merchantId: 1625, productId: 150, msisdn: 233540282227, amount: 1.20, balance: , responseCode: SVC0001, responseMessage: The message has been licence controled.|Debit MTN customer 
uniwalletTransactionId: 1600781036011, networkTransactionId: ,  refNo: MCC-PAY-922771070, merchantId: 1625, productId: 150, msisdn: 233540282227, amount: 1.20, balance: , responseCode: SVC0001, responseMessage: The message has been licence controled.|Debit MTN customer 
uniwalletTransactionId: 1600781036011, networkTransactionId: ,  refNo: MCC-PAY-922771070, merchantId: 1625, productId: 150, msisdn: 233540282227, amount: 1.20, balance: , responseCode: SVC0001, responseMessage: The message has been licence controled.|Debit MTN customer 
uniwalletTransactionId: 1600781036011, networkTransactionId: ,  refNo: MCC-PAY-922771070, merchantId: 1625, productId: 150, msisdn: 233540282227, amount: 1.20, balance: , responseCode: SVC0001, responseMessage: The message has been licence controled.|Debit MTN customer 
uniwalletTransactionId: 1600786309992, networkTransactionId: ,  refNo: MCC-PAY-811638183, merchantId: 1625, productId: 150, msisdn: 233554997195, amount: 600, balance: , responseCode: 515, responseMessage: ACCOUNTHOLDER_WITH_FRI_NOT_FOUND|Debit MTN customer 
uniwalletTransactionId: 1600786309992, networkTransactionId: ,  refNo: MCC-PAY-811638183, merchantId: 1625, productId: 150, msisdn: 233554997195, amount: 600, balance: , responseCode: 515, responseMessage: ACCOUNTHOLDER_WITH_FRI_NOT_FOUND|Debit MTN customer 
uniwalletTransactionId: 1600786309992, networkTransactionId: ,  refNo: MCC-PAY-811638183, merchantId: 1625, productId: 150, msisdn: 233554997195, amount: 600, balance: , responseCode: 515, responseMessage: ACCOUNTHOLDER_WITH_FRI_NOT_FOUND|Debit MTN customer 
uniwalletTransactionId: 1600786309992, networkTransactionId: ,  refNo: MCC-PAY-811638183, merchantId: 1625, productId: 150, msisdn: 233554997195, amount: 600, balance: , responseCode: 515, responseMessage: ACCOUNTHOLDER_WITH_FRI_NOT_FOUND|Debit MTN customer 
uniwalletTransactionId: 1600787350188, networkTransactionId: ,  refNo: MCC-PAY-790570233, merchantId: 1625, productId: 150, msisdn: 233244632692, amount: 1.20, balance: , responseCode: 515, responseMessage: ACCOUNTHOLDER_WITH_FRI_NOT_FOUND|Debit MTN customer 
uniwalletTransactionId: 1600787350188, networkTransactionId: ,  refNo: MCC-PAY-790570233, merchantId: 1625, productId: 150, msisdn: 233244632692, amount: 1.20, balance: , responseCode: 515, responseMessage: ACCOUNTHOLDER_WITH_FRI_NOT_FOUND|Debit MTN customer 
uniwalletTransactionId: 1600787350188, networkTransactionId: ,  refNo: MCC-PAY-790570233, merchantId: 1625, productId: 150, msisdn: 233244632692, amount: 1.20, balance: , responseCode: 515, responseMessage: ACCOUNTHOLDER_WITH_FRI_NOT_FOUND|Debit MTN customer 
uniwalletTransactionId: 1600787350188, networkTransactionId: ,  refNo: MCC-PAY-790570233, merchantId: 1625, productId: 150, msisdn: 233244632692, amount: 1.20, balance: , responseCode: 515, responseMessage: ACCOUNTHOLDER_WITH_FRI_NOT_FOUND|Debit MTN customer 
uniwalletTransactionId: 1600790978978, networkTransactionId: ,  refNo: MCC-PAY-887195051, merchantId: 1625, productId: 150, msisdn: 233265834105, amount: 600, balance: , responseCode: 515, responseMessage: ACCOUNTHOLDER_WITH_FRI_NOT_FOUND|Debit MTN customer 
uniwalletTransactionId: 1600790978978, networkTransactionId: ,  refNo: MCC-PAY-887195051, merchantId: 1625, productId: 150, msisdn: 233265834105, amount: 600, balance: , responseCode: 515, responseMessage: ACCOUNTHOLDER_WITH_FRI_NOT_FOUND|Debit MTN customer 
uniwalletTransactionId: 1600790978978, networkTransactionId: ,  refNo: MCC-PAY-887195051, merchantId: 1625, productId: 150, msisdn: 233265834105, amount: 600, balance: , responseCode: 515, responseMessage: ACCOUNTHOLDER_WITH_FRI_NOT_FOUND|Debit MTN customer 
uniwalletTransactionId: 1600790978978, networkTransactionId: ,  refNo: MCC-PAY-887195051, merchantId: 1625, productId: 150, msisdn: 233265834105, amount: 600, balance: , responseCode: 515, responseMessage: ACCOUNTHOLDER_WITH_FRI_NOT_FOUND|Debit MTN customer 
uniwalletTransactionId: 1600791025440, networkTransactionId: ,  refNo: MCC-PAY-230304006, merchantId: 1625, productId: 150, msisdn: 233265834105, amount: 600, balance: , responseCode: 515, responseMessage: ACCOUNTHOLDER_WITH_FRI_NOT_FOUND|Debit MTN customer 
uniwalletTransactionId: 1600791025440, networkTransactionId: ,  refNo: MCC-PAY-230304006, merchantId: 1625, productId: 150, msisdn: 233265834105, amount: 600, balance: , responseCode: 515, responseMessage: ACCOUNTHOLDER_WITH_FRI_NOT_FOUND|Debit MTN customer 
uniwalletTransactionId: 1600791025440, networkTransactionId: ,  refNo: MCC-PAY-230304006, merchantId: 1625, productId: 150, msisdn: 233265834105, amount: 600, balance: , responseCode: 515, responseMessage: ACCOUNTHOLDER_WITH_FRI_NOT_FOUND|Debit MTN customer 
uniwalletTransactionId: 1600791025440, networkTransactionId: ,  refNo: MCC-PAY-230304006, merchantId: 1625, productId: 150, msisdn: 233265834105, amount: 600, balance: , responseCode: 515, responseMessage: ACCOUNTHOLDER_WITH_FRI_NOT_FOUND|Debit MTN customer 
uniwalletTransactionId: 1600792291082, networkTransactionId: ,  refNo: MCC-PAY-521862021, merchantId: 1625, productId: 150, msisdn: 233548766990, amount: 1.20, balance: , responseCode: SVC0001, responseMessage: The message has been licence controled.|Debit MTN customer 
uniwalletTransactionId: 1600792291082, networkTransactionId: ,  refNo: MCC-PAY-521862021, merchantId: 1625, productId: 150, msisdn: 233548766990, amount: 1.20, balance: , responseCode: SVC0001, responseMessage: The message has been licence controled.|Debit MTN customer 
uniwalletTransactionId: 1600792291082, networkTransactionId: ,  refNo: MCC-PAY-521862021, merchantId: 1625, productId: 150, msisdn: 233548766990, amount: 1.20, balance: , responseCode: SVC0001, responseMessage: The message has been licence controled.|Debit MTN customer 
uniwalletTransactionId: 1600792291082, networkTransactionId: ,  refNo: MCC-PAY-521862021, merchantId: 1625, productId: 150, msisdn: 233548766990, amount: 1.20, balance: , responseCode: SVC0001, responseMessage: The message has been licence controled.|Debit MTN customer 
uniwalletTransactionId: 1600810627202, networkTransactionId: ,  refNo: MCC-PAY-266409595, merchantId: 1625, productId: 150, msisdn: 233558717908, amount: 1.20, balance: , responseCode: 100, responseMessage: Transaction couldn't be completed|Debit MTN customer 
uniwalletTransactionId: 1600810627202, networkTransactionId: ,  refNo: MCC-PAY-266409595, merchantId: 1625, productId: 150, msisdn: 233558717908, amount: 1.20, balance: , responseCode: 100, responseMessage: Transaction couldn't be completed|Debit MTN customer 
uniwalletTransactionId: 1600810627202, networkTransactionId: ,  refNo: MCC-PAY-266409595, merchantId: 1625, productId: 150, msisdn: 233558717908, amount: 1.20, balance: , responseCode: 100, responseMessage: Transaction couldn't be completed|Debit MTN customer 
uniwalletTransactionId: 1600810627202, networkTransactionId: ,  refNo: MCC-PAY-266409595, merchantId: 1625, productId: 150, msisdn: 233558717908, amount: 1.20, balance: , responseCode: 100, responseMessage: Transaction couldn't be completed|Debit MTN customer 
uniwalletTransactionId: 1600810717159, networkTransactionId: ,  refNo: MCC-PAY-598030082, merchantId: 1625, productId: 150, msisdn: 233559428678, amount: 1.20, balance: , responseCode: 100, responseMessage: Transaction couldn't be completed|Debit MTN customer 
uniwalletTransactionId: 1600810717159, networkTransactionId: ,  refNo: MCC-PAY-598030082, merchantId: 1625, productId: 150, msisdn: 233559428678, amount: 1.20, balance: , responseCode: 100, responseMessage: Transaction couldn't be completed|Debit MTN customer 
uniwalletTransactionId: 1600810717159, networkTransactionId: ,  refNo: MCC-PAY-598030082, merchantId: 1625, productId: 150, msisdn: 233559428678, amount: 1.20, balance: , responseCode: 100, responseMessage: Transaction couldn't be completed|Debit MTN customer 
uniwalletTransactionId: 1600810717159, networkTransactionId: ,  refNo: MCC-PAY-598030082, merchantId: 1625, productId: 150, msisdn: 233559428678, amount: 1.20, balance: , responseCode: 100, responseMessage: Transaction couldn't be completed|Debit MTN customer 
