uniwalletTransactionId: 1600940252795, networkTransactionId: ,  refNo: MCC-PAY-588107803, merchantId: 1625, productId: 150, msisdn: 233266485496, amount: 1.20, balance: , responseCode: 515, responseMessage: ACCOUNTHOLDER_WITH_FRI_NOT_FOUND|Debit MTN customer 
uniwalletTransactionId: 1600940252795, networkTransactionId: ,  refNo: MCC-PAY-588107803, merchantId: 1625, productId: 150, msisdn: 233266485496, amount: 1.20, balance: , responseCode: 515, responseMessage: ACCOUNTHOLDER_WITH_FRI_NOT_FOUND|Debit MTN customer 
uniwalletTransactionId: 1600940252795, networkTransactionId: ,  refNo: MCC-PAY-588107803, merchantId: 1625, productId: 150, msisdn: 233266485496, amount: 1.20, balance: , responseCode: 515, responseMessage: ACCOUNTHOLDER_WITH_FRI_NOT_FOUND|Debit MTN customer 
uniwalletTransactionId: 1600940252795, networkTransactionId: ,  refNo: MCC-PAY-588107803, merchantId: 1625, productId: 150, msisdn: 233266485496, amount: 1.20, balance: , responseCode: 515, responseMessage: ACCOUNTHOLDER_WITH_FRI_NOT_FOUND|Debit MTN customer 
uniwalletTransactionId: 1600941735253, networkTransactionId: ,  refNo: MCC-PAY-225525071, merchantId: 1625, productId: 150, msisdn: 233266485496, amount: 1.20, balance: , responseCode: 515, responseMessage: ACCOUNTHOLDER_WITH_FRI_NOT_FOUND|Debit MTN customer 
uniwalletTransactionId: 1600941735253, networkTransactionId: ,  refNo: MCC-PAY-225525071, merchantId: 1625, productId: 150, msisdn: 233266485496, amount: 1.20, balance: , responseCode: 515, responseMessage: ACCOUNTHOLDER_WITH_FRI_NOT_FOUND|Debit MTN customer 
uniwalletTransactionId: 1600941735253, networkTransactionId: ,  refNo: MCC-PAY-225525071, merchantId: 1625, productId: 150, msisdn: 233266485496, amount: 1.20, balance: , responseCode: 515, responseMessage: ACCOUNTHOLDER_WITH_FRI_NOT_FOUND|Debit MTN customer 
uniwalletTransactionId: 1600941735253, networkTransactionId: ,  refNo: MCC-PAY-225525071, merchantId: 1625, productId: 150, msisdn: 233266485496, amount: 1.20, balance: , responseCode: 515, responseMessage: ACCOUNTHOLDER_WITH_FRI_NOT_FOUND|Debit MTN customer 
uniwalletTransactionId: 1600943065910, networkTransactionId: ,  refNo: MCC-PAY-691370912, merchantId: 1625, productId: 150, msisdn: 233243629575, amount: 1.20, balance: , responseCode: SVC0001, responseMessage: The message has been licence controled.|Debit MTN customer 
uniwalletTransactionId: 1600943065910, networkTransactionId: ,  refNo: MCC-PAY-691370912, merchantId: 1625, productId: 150, msisdn: 233243629575, amount: 1.20, balance: , responseCode: SVC0001, responseMessage: The message has been licence controled.|Debit MTN customer 
uniwalletTransactionId: 1600943065910, networkTransactionId: ,  refNo: MCC-PAY-691370912, merchantId: 1625, productId: 150, msisdn: 233243629575, amount: 1.20, balance: , responseCode: SVC0001, responseMessage: The message has been licence controled.|Debit MTN customer 
uniwalletTransactionId: 1600943065910, networkTransactionId: ,  refNo: MCC-PAY-691370912, merchantId: 1625, productId: 150, msisdn: 233243629575, amount: 1.20, balance: , responseCode: SVC0001, responseMessage: The message has been licence controled.|Debit MTN customer 
uniwalletTransactionId: 1600943172600, networkTransactionId: 149245113,  refNo: MCC-PAY-984562334, merchantId: 1625, productId: 150, msisdn: 233243629575, amount: 1.20, balance: , responseCode: 01, responseMessage: Successfully processed transaction.|Debit MTN customer 
uniwalletTransactionId: 1600943172600, networkTransactionId: 149245113,  refNo: MCC-PAY-984562334, merchantId: 1625, productId: 150, msisdn: 233243629575, amount: 1.20, balance: , responseCode: 01, responseMessage: Successfully processed transaction.|Debit MTN customer 
uniwalletTransactionId: 1600943172600, networkTransactionId: 149245113,  refNo: MCC-PAY-984562334, merchantId: 1625, productId: 150, msisdn: 233243629575, amount: 1.20, balance: , responseCode: 01, responseMessage: Successfully processed transaction.|Debit MTN customer 
uniwalletTransactionId: 1600943172600, networkTransactionId: 149245113,  refNo: MCC-PAY-984562334, merchantId: 1625, productId: 150, msisdn: 233243629575, amount: 1.20, balance: , responseCode: 01, responseMessage: Successfully processed transaction.|Debit MTN customer 
uniwalletTransactionId: 1600953294477, networkTransactionId: ,  refNo: MCC-PAY-886661790, merchantId: 1625, productId: 150, msisdn: 233244893663, amount: 600, balance: , responseCode: SVC0001, responseMessage: The message has been licence controled.|Debit MTN customer 
uniwalletTransactionId: 1600953294477, networkTransactionId: ,  refNo: MCC-PAY-886661790, merchantId: 1625, productId: 150, msisdn: 233244893663, amount: 600, balance: , responseCode: SVC0001, responseMessage: The message has been licence controled.|Debit MTN customer 
uniwalletTransactionId: 1600953294477, networkTransactionId: ,  refNo: MCC-PAY-886661790, merchantId: 1625, productId: 150, msisdn: 233244893663, amount: 600, balance: , responseCode: SVC0001, responseMessage: The message has been licence controled.|Debit MTN customer 
uniwalletTransactionId: 1600953294477, networkTransactionId: ,  refNo: MCC-PAY-886661790, merchantId: 1625, productId: 150, msisdn: 233244893663, amount: 600, balance: , responseCode: SVC0001, responseMessage: The message has been licence controled.|Debit MTN customer 
uniwalletTransactionId: 1600961696662, networkTransactionId: ,  refNo: MCC-PAY-500269487, merchantId: 1625, productId: 150, msisdn: 233508151594, amount: 300, balance: , responseCode: 515, responseMessage: ACCOUNTHOLDER_WITH_FRI_NOT_FOUND|Debit MTN customer 
uniwalletTransactionId: 1600961696662, networkTransactionId: ,  refNo: MCC-PAY-500269487, merchantId: 1625, productId: 150, msisdn: 233508151594, amount: 300, balance: , responseCode: 515, responseMessage: ACCOUNTHOLDER_WITH_FRI_NOT_FOUND|Debit MTN customer 
uniwalletTransactionId: 1600961696662, networkTransactionId: ,  refNo: MCC-PAY-500269487, merchantId: 1625, productId: 150, msisdn: 233508151594, amount: 300, balance: , responseCode: 515, responseMessage: ACCOUNTHOLDER_WITH_FRI_NOT_FOUND|Debit MTN customer 
uniwalletTransactionId: 1600961696662, networkTransactionId: ,  refNo: MCC-PAY-500269487, merchantId: 1625, productId: 150, msisdn: 233508151594, amount: 300, balance: , responseCode: 515, responseMessage: ACCOUNTHOLDER_WITH_FRI_NOT_FOUND|Debit MTN customer 
uniwalletTransactionId: 1600962634051, networkTransactionId: ,  refNo: MCC-PAY-312568234, merchantId: 1625, productId: 150, msisdn: 233596467844, amount: 1.20, balance: , responseCode: 515, responseMessage: ACCOUNTHOLDER_WITH_FRI_NOT_FOUND|Debit MTN customer 
uniwalletTransactionId: 1600962634051, networkTransactionId: ,  refNo: MCC-PAY-312568234, merchantId: 1625, productId: 150, msisdn: 233596467844, amount: 1.20, balance: , responseCode: 515, responseMessage: ACCOUNTHOLDER_WITH_FRI_NOT_FOUND|Debit MTN customer 
uniwalletTransactionId: 1600962634051, networkTransactionId: ,  refNo: MCC-PAY-312568234, merchantId: 1625, productId: 150, msisdn: 233596467844, amount: 1.20, balance: , responseCode: 515, responseMessage: ACCOUNTHOLDER_WITH_FRI_NOT_FOUND|Debit MTN customer 
uniwalletTransactionId: 1600962634051, networkTransactionId: ,  refNo: MCC-PAY-312568234, merchantId: 1625, productId: 150, msisdn: 233596467844, amount: 1.20, balance: , responseCode: 515, responseMessage: ACCOUNTHOLDER_WITH_FRI_NOT_FOUND|Debit MTN customer 
uniwalletTransactionId: 1600967803498, networkTransactionId: ,  refNo: MCC-PAY-778826210, merchantId: 1625, productId: 150, msisdn: 233542989041, amount: 120, balance: , responseCode: 515, responseMessage: ACCOUNTHOLDER_WITH_FRI_NOT_FOUND|Debit MTN customer 
uniwalletTransactionId: 1600967803498, networkTransactionId: ,  refNo: MCC-PAY-778826210, merchantId: 1625, productId: 150, msisdn: 233542989041, amount: 120, balance: , responseCode: 515, responseMessage: ACCOUNTHOLDER_WITH_FRI_NOT_FOUND|Debit MTN customer 
uniwalletTransactionId: 1600967803498, networkTransactionId: ,  refNo: MCC-PAY-778826210, merchantId: 1625, productId: 150, msisdn: 233542989041, amount: 120, balance: , responseCode: 515, responseMessage: ACCOUNTHOLDER_WITH_FRI_NOT_FOUND|Debit MTN customer 
uniwalletTransactionId: 1600967803498, networkTransactionId: ,  refNo: MCC-PAY-778826210, merchantId: 1625, productId: 150, msisdn: 233542989041, amount: 120, balance: , responseCode: 515, responseMessage: ACCOUNTHOLDER_WITH_FRI_NOT_FOUND|Debit MTN customer 
uniwalletTransactionId: 1600972486712, networkTransactionId: ,  refNo: MCC-PAY-241875276, merchantId: 1625, productId: 150, msisdn: 233547344129, amount: 1.20, balance: , responseCode: 515, responseMessage: ACCOUNTHOLDER_WITH_FRI_NOT_FOUND|Debit MTN customer 
uniwalletTransactionId: 1600972486712, networkTransactionId: ,  refNo: MCC-PAY-241875276, merchantId: 1625, productId: 150, msisdn: 233547344129, amount: 1.20, balance: , responseCode: 515, responseMessage: ACCOUNTHOLDER_WITH_FRI_NOT_FOUND|Debit MTN customer 
uniwalletTransactionId: 1600972486712, networkTransactionId: ,  refNo: MCC-PAY-241875276, merchantId: 1625, productId: 150, msisdn: 233547344129, amount: 1.20, balance: , responseCode: 515, responseMessage: ACCOUNTHOLDER_WITH_FRI_NOT_FOUND|Debit MTN customer 
uniwalletTransactionId: 1600972486712, networkTransactionId: ,  refNo: MCC-PAY-241875276, merchantId: 1625, productId: 150, msisdn: 233547344129, amount: 1.20, balance: , responseCode: 515, responseMessage: ACCOUNTHOLDER_WITH_FRI_NOT_FOUND|Debit MTN customer 
