uniwalletTransactionId: 1557796211095, networkTransactionId: ,  refNo: MCC-PAY-975751192 , merchantId: 1625, productId: 150, msisdn: 233542942289, amount: 100, balance: , responseCode: 515, responseMessage: ACCOUNTHOLDER_WITH_FRI_NOT_FOUND|Debit MTN customer 
uniwalletTransactionId: 1557796211095, networkTransactionId: ,  refNo: MCC-PAY-975751192 , merchantId: 1625, productId: 150, msisdn: 233542942289, amount: 100, balance: , responseCode: 515, responseMessage: ACCOUNTHOLDER_WITH_FRI_NOT_FOUND|Debit MTN customer 
uniwalletTransactionId: 1557796211095, networkTransactionId: ,  refNo: MCC-PAY-975751192 , merchantId: 1625, productId: 150, msisdn: 233542942289, amount: 100, balance: , responseCode: 515, responseMessage: ACCOUNTHOLDER_WITH_FRI_NOT_FOUND|Debit MTN customer 
uniwalletTransactionId: 1557796335260, networkTransactionId: ,  refNo: MCC-PAY-333309548 , merchantId: 1625, productId: 150, msisdn: 233542942289, amount: 0.8, balance: , responseCode: 682, responseMessage: An internal error caused the operation to fail|Debit MTN customer 
uniwalletTransactionId: 1557796335260, networkTransactionId: ,  refNo: MCC-PAY-333309548 , merchantId: 1625, productId: 150, msisdn: 233542942289, amount: 0.8, balance: , responseCode: 682, responseMessage: An internal error caused the operation to fail|Debit MTN customer 
uniwalletTransactionId: 1557796335260, networkTransactionId: ,  refNo: MCC-PAY-333309548 , merchantId: 1625, productId: 150, msisdn: 233542942289, amount: 0.8, balance: , responseCode: 682, responseMessage: An internal error caused the operation to fail|Debit MTN customer 
uniwalletTransactionId: 1557817590634, networkTransactionId: ,  refNo: MCC-PAY-845625209 , merchantId: 1625, productId: 150, msisdn: 233545149230, amount: 0.8, balance: , responseCode: 682, responseMessage: An internal error caused the operation to fail|Debit MTN customer 
uniwalletTransactionId: 1557817590634, networkTransactionId: ,  refNo: MCC-PAY-845625209 , merchantId: 1625, productId: 150, msisdn: 233545149230, amount: 0.8, balance: , responseCode: 682, responseMessage: An internal error caused the operation to fail|Debit MTN customer 
uniwalletTransactionId: 1557817590634, networkTransactionId: ,  refNo: MCC-PAY-845625209 , merchantId: 1625, productId: 150, msisdn: 233545149230, amount: 0.8, balance: , responseCode: 682, responseMessage: An internal error caused the operation to fail|Debit MTN customer 
uniwalletTransactionId: 1557839288362, networkTransactionId: 56584952,  refNo: MCC-PAY-112101381 , merchantId: 1625, productId: 150, msisdn: 233240974010, amount: 1.00, balance: , responseCode: 01, responseMessage: Successfully processed transaction.|Debit MTN customer 
uniwalletTransactionId: 1557839682581, networkTransactionId: 56594953,  refNo: MCC-PAY-264764234 , merchantId: 1625, productId: 150, msisdn: 233240974010, amount: 1.00, balance: , responseCode: 01, responseMessage: Successfully processed transaction.|Credit MTN customer (Refund policy) 
uniwalletTransactionId: 1557839565149, networkTransactionId: 56594952,  refNo: MCC-PAY-517637964 , merchantId: 1625, productId: 150, msisdn: 233240974010, amount: 1.00, balance: , responseCode: 01, responseMessage: Successfully processed transaction.|Credit MTN customer (Refund policy) 
uniwalletTransactionId: 1557839565149, networkTransactionId: 56594952,  refNo: MCC-PAY-517637964 , merchantId: 1625, productId: 150, msisdn: 233240974010, amount: 1.00, balance: , responseCode: 01, responseMessage: Successfully processed transaction.|Credit MTN customer (Refund policy) 
uniwalletTransactionId: 1557839288362, networkTransactionId: 56584952,  refNo: MCC-PAY-112101381 , merchantId: 1625, productId: 150, msisdn: 233240974010, amount: 1.00, balance: , responseCode: 01, responseMessage: Successfully processed transaction.|Debit MTN customer 
uniwalletTransactionId: 1557839682581, networkTransactionId: 56594953,  refNo: MCC-PAY-264764234 , merchantId: 1625, productId: 150, msisdn: 233240974010, amount: 1.00, balance: , responseCode: 01, responseMessage: Successfully processed transaction.|Credit MTN customer (Refund policy) 
uniwalletTransactionId: 1557839288362, networkTransactionId: 56584952,  refNo: MCC-PAY-112101381 , merchantId: 1625, productId: 150, msisdn: 233240974010, amount: 1.00, balance: , responseCode: 01, responseMessage: Successfully processed transaction.|Debit MTN customer 
uniwalletTransactionId: 1557839682581, networkTransactionId: 56594953,  refNo: MCC-PAY-264764234 , merchantId: 1625, productId: 150, msisdn: 233240974010, amount: 1.00, balance: , responseCode: 01, responseMessage: Successfully processed transaction.|Credit MTN customer (Refund policy) 
uniwalletTransactionId: 1557839565149, networkTransactionId: 56594952,  refNo: MCC-PAY-517637964 , merchantId: 1625, productId: 150, msisdn: 233240974010, amount: 1.00, balance: , responseCode: 01, responseMessage: Successfully processed transaction.|Credit MTN customer (Refund policy) 
uniwalletTransactionId: 1557840119088, networkTransactionId: ,  refNo: MCC-PAY-477082944 , merchantId: 1625, productId: 150, msisdn: 233556487370, amount: 4, balance: , responseCode: 515, responseMessage: ACCOUNTHOLDER_WITH_FRI_NOT_FOUND|Debit MTN customer 
uniwalletTransactionId: 1557840119088, networkTransactionId: ,  refNo: MCC-PAY-477082944 , merchantId: 1625, productId: 150, msisdn: 233556487370, amount: 4, balance: , responseCode: 515, responseMessage: ACCOUNTHOLDER_WITH_FRI_NOT_FOUND|Debit MTN customer 
uniwalletTransactionId: 1557840119088, networkTransactionId: ,  refNo: MCC-PAY-477082944 , merchantId: 1625, productId: 150, msisdn: 233556487370, amount: 4, balance: , responseCode: 515, responseMessage: ACCOUNTHOLDER_WITH_FRI_NOT_FOUND|Debit MTN customer 
uniwalletTransactionId: 1557840394736, networkTransactionId: ,  refNo: MCC-PAY-289035324 , merchantId: 1625, productId: 150, msisdn: 233543645688, amount: 4, balance: , responseCode: 515, responseMessage: ACCOUNTHOLDER_WITH_FRI_NOT_FOUND|Debit MTN customer 
uniwalletTransactionId: 1557840394736, networkTransactionId: ,  refNo: MCC-PAY-289035324 , merchantId: 1625, productId: 150, msisdn: 233543645688, amount: 4, balance: , responseCode: 515, responseMessage: ACCOUNTHOLDER_WITH_FRI_NOT_FOUND|Debit MTN customer 
uniwalletTransactionId: 1557840394736, networkTransactionId: ,  refNo: MCC-PAY-289035324 , merchantId: 1625, productId: 150, msisdn: 233543645688, amount: 4, balance: , responseCode: 515, responseMessage: ACCOUNTHOLDER_WITH_FRI_NOT_FOUND|Debit MTN customer 
uniwalletTransactionId: 1557840810235, networkTransactionId: ,  refNo: MCC-PAY-913394445 , merchantId: 1625, productId: 150, msisdn: 233543645688, amount: 4, balance: , responseCode: 515, responseMessage: ACCOUNTHOLDER_WITH_FRI_NOT_FOUND|Debit MTN customer 
uniwalletTransactionId: 1557840810235, networkTransactionId: ,  refNo: MCC-PAY-913394445 , merchantId: 1625, productId: 150, msisdn: 233543645688, amount: 4, balance: , responseCode: 515, responseMessage: ACCOUNTHOLDER_WITH_FRI_NOT_FOUND|Debit MTN customer 
uniwalletTransactionId: 1557840810235, networkTransactionId: ,  refNo: MCC-PAY-913394445 , merchantId: 1625, productId: 150, msisdn: 233543645688, amount: 4, balance: , responseCode: 515, responseMessage: ACCOUNTHOLDER_WITH_FRI_NOT_FOUND|Debit MTN customer 
uniwalletTransactionId: 1557841003981, networkTransactionId: ,  refNo: MCC-PAY-196713228 , merchantId: 1625, productId: 150, msisdn: 233543645688, amount: 1.00, balance: , responseCode: 515, responseMessage: ACCOUNTHOLDER_WITH_FRI_NOT_FOUND|Debit MTN customer 
uniwalletTransactionId: 1557841003981, networkTransactionId: ,  refNo: MCC-PAY-196713228 , merchantId: 1625, productId: 150, msisdn: 233543645688, amount: 1.00, balance: , responseCode: 515, responseMessage: ACCOUNTHOLDER_WITH_FRI_NOT_FOUND|Debit MTN customer 
uniwalletTransactionId: 1557841003981, networkTransactionId: ,  refNo: MCC-PAY-196713228 , merchantId: 1625, productId: 150, msisdn: 233543645688, amount: 1.00, balance: , responseCode: 515, responseMessage: ACCOUNTHOLDER_WITH_FRI_NOT_FOUND|Debit MTN customer 
uniwalletTransactionId: 1557848948379, networkTransactionId: ,  refNo: MCC-PAY-34236416 , merchantId: 1625, productId: 150, msisdn: 6, amount: 400, balance: , responseCode: 100, responseMessage: Transaction couldn't be completed|Debit MTN customer 
uniwalletTransactionId: 1557848948379, networkTransactionId: ,  refNo: MCC-PAY-34236416 , merchantId: 1625, productId: 150, msisdn: 6, amount: 400, balance: , responseCode: 100, responseMessage: Transaction couldn't be completed|Debit MTN customer 
uniwalletTransactionId: 1557848948379, networkTransactionId: ,  refNo: MCC-PAY-34236416 , merchantId: 1625, productId: 150, msisdn: 6, amount: 400, balance: , responseCode: 100, responseMessage: Transaction couldn't be completed|Debit MTN customer 
